Determining if the include file pthread.h exists failed with the following output:
Change Dir: D:/Workspace/TitanGame/build/CMakeFiles/CMakeTmp

Run Build Command:"D:/Programs/Visual Studio 2017/MSBuild/15.0/Bin/MSBuild.exe" "cmTC_ad1dc.vcxproj" "/p:Configuration=Debug" "/p:VisualStudioVersion=15.0"
Microsoft (R) Build Engine version 15.5.180.51428 for .NET Framework
Copyright (C) Microsoft Corporation. All rights reserved.

Build started 12/19/2017 6:46:48 PM.
Project "D:\Workspace\TitanGame\build\CMakeFiles\CMakeTmp\cmTC_ad1dc.vcxproj" on node 1 (default targets).
PrepareForBuild:
  Creating directory "cmTC_ad1dc.dir\Debug\".
  Creating directory "D:\Workspace\TitanGame\build\CMakeFiles\CMakeTmp\Debug\".
  Creating directory "cmTC_ad1dc.dir\Debug\cmTC_ad1dc.tlog\".
InitializeBuildStatus:
  Creating "cmTC_ad1dc.dir\Debug\cmTC_ad1dc.tlog\unsuccessfulbuild" because "AlwaysCreate" was specified.
ClCompile:
  D:\Programs\Visual Studio 2017\VC\Tools\MSVC\14.12.25827\bin\HostX86\x86\CL.exe /c /Zi /W3 /WX- /diagnostics:classic /Od /Ob0 /Oy- /D WIN32 /D _WINDOWS /D _DEBUG /D "CMAKE_INTDIR=\"Debug\"" /D _MBCS /Gm- /RTC1 /MDd /GS /fp:precise /Zc:wchar_t /Zc:forScope /Zc:inline /Fo"cmTC_ad1dc.dir\Debug\\" /Fd"cmTC_ad1dc.dir\Debug\vc141.pdb" /Gd /TC /analyze- /errorReport:queue D:\Workspace\TitanGame\build\CMakeFiles\CMakeTmp\CheckIncludeFile.c
  Microsoft (R) C/C++ Optimizing Compiler Version 19.12.25831 for x86
  Copyright (C) Microsoft Corporation.  All rights reserved.
  
  cl /c /Zi /W3 /WX- /diagnostics:classic /Od /Ob0 /Oy- /D WIN32 /D _WINDOWS /D _DEBUG /D "CMAKE_INTDIR=\"Debug\"" /D _MBCS /Gm- /RTC1 /MDd /GS /fp:precise /Zc:wchar_t /Zc:forScope /Zc:inline /Fo"cmTC_ad1dc.dir\Debug\\" /Fd"cmTC_ad1dc.dir\Debug\vc141.pdb" /Gd /TC /analyze- /errorReport:queue D:\Workspace\TitanGame\build\CMakeFiles\CMakeTmp\CheckIncludeFile.c
  CheckIncludeFile.c
  
D:\Workspace\TitanGame\build\CMakeFiles\CMakeTmp\CheckIncludeFile.c(1): fatal error C1083: Cannot open include file: 'pthread.h': No such file or directory [D:\Workspace\TitanGame\build\CMakeFiles\CMakeTmp\cmTC_ad1dc.vcxproj]
Done Building Project "D:\Workspace\TitanGame\build\CMakeFiles\CMakeTmp\cmTC_ad1dc.vcxproj" (default targets) -- FAILED.

Build FAILED.

"D:\Workspace\TitanGame\build\CMakeFiles\CMakeTmp\cmTC_ad1dc.vcxproj" (default target) (1) ->
(ClCompile target) -> 
  D:\Workspace\TitanGame\build\CMakeFiles\CMakeTmp\CheckIncludeFile.c(1): fatal error C1083: Cannot open include file: 'pthread.h': No such file or directory [D:\Workspace\TitanGame\build\CMakeFiles\CMakeTmp\cmTC_ad1dc.vcxproj]

    0 Warning(s)
    1 Error(s)

Time Elapsed 00:00:00.70


Performing C SOURCE FILE Test HAVE_STD_C11 failed with the following output:
Change Dir: D:/Workspace/TitanGame/build/CMakeFiles/CMakeTmp

Run Build Command:"D:/Programs/Visual Studio 2017/MSBuild/15.0/Bin/MSBuild.exe" "cmTC_a1942.vcxproj" "/p:Configuration=Debug" "/p:VisualStudioVersion=15.0"
Microsoft (R) Build Engine version 15.5.180.51428 for .NET Framework
Copyright (C) Microsoft Corporation. All rights reserved.

Build started 12/19/2017 6:46:57 PM.
Project "D:\Workspace\TitanGame\build\CMakeFiles\CMakeTmp\cmTC_a1942.vcxproj" on node 1 (default targets).
PrepareForBuild:
  Creating directory "cmTC_a1942.dir\Debug\".
  Creating directory "D:\Workspace\TitanGame\build\CMakeFiles\CMakeTmp\Debug\".
  Creating directory "cmTC_a1942.dir\Debug\cmTC_a1942.tlog\".
InitializeBuildStatus:
  Creating "cmTC_a1942.dir\Debug\cmTC_a1942.tlog\unsuccessfulbuild" because "AlwaysCreate" was specified.
ClCompile:
  D:\Programs\Visual Studio 2017\VC\Tools\MSVC\14.12.25827\bin\HostX86\x86\CL.exe /c /Zi /W3 /WX- /diagnostics:classic /Od /Ob0 /Oy- /D WIN32 /D _WINDOWS /D HAVE_STD_C11 /D _DEBUG /D "CMAKE_INTDIR=\"Debug\"" /D _MBCS /Gm- /RTC1 /MDd /GS /fp:precise /Zc:wchar_t /Zc:forScope /Zc:inline /Fo"cmTC_a1942.dir\Debug\\" /Fd"cmTC_a1942.dir\Debug\vc141.pdb" /Gd /TC /analyze- /errorReport:queue  -std=c11 D:\Workspace\TitanGame\build\CMakeFiles\CMakeTmp\src.c
  Microsoft (R) C/C++ Optimizing Compiler Version 19.12.25831 for x86
  Copyright (C) Microsoft Corporation.  All rights reserved.
  
  cl /c /Zi /W3 /WX- /diagnostics:classic /Od /Ob0 /Oy- /D WIN32 /D _WINDOWS /D HAVE_STD_C11 /D _DEBUG /D "CMAKE_INTDIR=\"Debug\"" /D _MBCS /Gm- /RTC1 /MDd /GS /fp:precise /Zc:wchar_t /Zc:forScope /Zc:inline /Fo"cmTC_a1942.dir\Debug\\" /Fd"cmTC_a1942.dir\Debug\vc141.pdb" /Gd /TC /analyze- /errorReport:queue  -std=c11 D:\Workspace\TitanGame\build\CMakeFiles\CMakeTmp\src.c
  
cl : Command line warning D9002: ignoring unknown option '-std=c11' [D:\Workspace\TitanGame\build\CMakeFiles\CMakeTmp\cmTC_a1942.vcxproj]
  src.c
Link:
  D:\Programs\Visual Studio 2017\VC\Tools\MSVC\14.12.25827\bin\HostX86\x86\link.exe /ERRORREPORT:QUEUE /OUT:"D:\Workspace\TitanGame\build\CMakeFiles\CMakeTmp\Debug\cmTC_a1942.exe" /INCREMENTAL /NOLOGO kernel32.lib user32.lib gdi32.lib winspool.lib shell32.lib ole32.lib oleaut32.lib uuid.lib comdlg32.lib advapi32.lib /MANIFEST /MANIFESTUAC:"level='asInvoker' uiAccess='false'" /manifest:embed /DEBUG /PDB:"D:/Workspace/TitanGame/build/CMakeFiles/CMakeTmp/Debug/cmTC_a1942.pdb" /SUBSYSTEM:CONSOLE /TLBID:1 /DYNAMICBASE /NXCOMPAT /IMPLIB:"D:/Workspace/TitanGame/build/CMakeFiles/CMakeTmp/Debug/cmTC_a1942.lib" /MACHINE:X86 /SAFESEH  /machine:X86 cmTC_a1942.dir\Debug\src.obj
  cmTC_a1942.vcxproj -> D:\Workspace\TitanGame\build\CMakeFiles\CMakeTmp\Debug\cmTC_a1942.exe
FinalizeBuildStatus:
  Deleting file "cmTC_a1942.dir\Debug\cmTC_a1942.tlog\unsuccessfulbuild".
  Touching "cmTC_a1942.dir\Debug\cmTC_a1942.tlog\cmTC_a1942.lastbuildstate".
Done Building Project "D:\Workspace\TitanGame\build\CMakeFiles\CMakeTmp\cmTC_a1942.vcxproj" (default targets).

Build succeeded.

"D:\Workspace\TitanGame\build\CMakeFiles\CMakeTmp\cmTC_a1942.vcxproj" (default target) (1) ->
(ClCompile target) -> 
  cl : Command line warning D9002: ignoring unknown option '-std=c11' [D:\Workspace\TitanGame\build\CMakeFiles\CMakeTmp\cmTC_a1942.vcxproj]

    1 Warning(s)
    0 Error(s)

Time Elapsed 00:00:01.12

Source file was:
int main(void) { return 0; }
Performing C SOURCE FILE Test HAVE_STD_C99 failed with the following output:
Change Dir: D:/Workspace/TitanGame/build/CMakeFiles/CMakeTmp

Run Build Command:"D:/Programs/Visual Studio 2017/MSBuild/15.0/Bin/MSBuild.exe" "cmTC_c3968.vcxproj" "/p:Configuration=Debug" "/p:VisualStudioVersion=15.0"
Microsoft (R) Build Engine version 15.5.180.51428 for .NET Framework
Copyright (C) Microsoft Corporation. All rights reserved.

Build started 12/19/2017 6:46:59 PM.
Project "D:\Workspace\TitanGame\build\CMakeFiles\CMakeTmp\cmTC_c3968.vcxproj" on node 1 (default targets).
PrepareForBuild:
  Creating directory "cmTC_c3968.dir\Debug\".
  Creating directory "D:\Workspace\TitanGame\build\CMakeFiles\CMakeTmp\Debug\".
  Creating directory "cmTC_c3968.dir\Debug\cmTC_c3968.tlog\".
InitializeBuildStatus:
  Creating "cmTC_c3968.dir\Debug\cmTC_c3968.tlog\unsuccessfulbuild" because "AlwaysCreate" was specified.
ClCompile:
  D:\Programs\Visual Studio 2017\VC\Tools\MSVC\14.12.25827\bin\HostX86\x86\CL.exe /c /Zi /W3 /WX- /diagnostics:classic /Od /Ob0 /Oy- /D WIN32 /D _WINDOWS /D HAVE_STD_C99 /D _DEBUG /D "CMAKE_INTDIR=\"Debug\"" /D _MBCS /Gm- /RTC1 /MDd /GS /fp:precise /Zc:wchar_t /Zc:forScope /Zc:inline /Fo"cmTC_c3968.dir\Debug\\" /Fd"cmTC_c3968.dir\Debug\vc141.pdb" /Gd /TC /analyze- /errorReport:queue  -std=c99 D:\Workspace\TitanGame\build\CMakeFiles\CMakeTmp\src.c
  Microsoft (R) C/C++ Optimizing Compiler Version 19.12.25831 for x86
  Copyright (C) Microsoft Corporation.  All rights reserved.
  
  cl /c /Zi /W3 /WX- /diagnostics:classic /Od /Ob0 /Oy- /D WIN32 /D _WINDOWS /D HAVE_STD_C99 /D _DEBUG /D "CMAKE_INTDIR=\"Debug\"" /D _MBCS /Gm- /RTC1 /MDd /GS /fp:precise /Zc:wchar_t /Zc:forScope /Zc:inline /Fo"cmTC_c3968.dir\Debug\\" /Fd"cmTC_c3968.dir\Debug\vc141.pdb" /Gd /TC /analyze- /errorReport:queue  -std=c99 D:\Workspace\TitanGame\build\CMakeFiles\CMakeTmp\src.c
  src.c
  
cl : Command line warning D9002: ignoring unknown option '-std=c99' [D:\Workspace\TitanGame\build\CMakeFiles\CMakeTmp\cmTC_c3968.vcxproj]
Link:
  D:\Programs\Visual Studio 2017\VC\Tools\MSVC\14.12.25827\bin\HostX86\x86\link.exe /ERRORREPORT:QUEUE /OUT:"D:\Workspace\TitanGame\build\CMakeFiles\CMakeTmp\Debug\cmTC_c3968.exe" /INCREMENTAL /NOLOGO kernel32.lib user32.lib gdi32.lib winspool.lib shell32.lib ole32.lib oleaut32.lib uuid.lib comdlg32.lib advapi32.lib /MANIFEST /MANIFESTUAC:"level='asInvoker' uiAccess='false'" /manifest:embed /DEBUG /PDB:"D:/Workspace/TitanGame/build/CMakeFiles/CMakeTmp/Debug/cmTC_c3968.pdb" /SUBSYSTEM:CONSOLE /TLBID:1 /DYNAMICBASE /NXCOMPAT /IMPLIB:"D:/Workspace/TitanGame/build/CMakeFiles/CMakeTmp/Debug/cmTC_c3968.lib" /MACHINE:X86 /SAFESEH  /machine:X86 cmTC_c3968.dir\Debug\src.obj
  cmTC_c3968.vcxproj -> D:\Workspace\TitanGame\build\CMakeFiles\CMakeTmp\Debug\cmTC_c3968.exe
FinalizeBuildStatus:
  Deleting file "cmTC_c3968.dir\Debug\cmTC_c3968.tlog\unsuccessfulbuild".
  Touching "cmTC_c3968.dir\Debug\cmTC_c3968.tlog\cmTC_c3968.lastbuildstate".
Done Building Project "D:\Workspace\TitanGame\build\CMakeFiles\CMakeTmp\cmTC_c3968.vcxproj" (default targets).

Build succeeded.

"D:\Workspace\TitanGame\build\CMakeFiles\CMakeTmp\cmTC_c3968.vcxproj" (default target) (1) ->
(ClCompile target) -> 
  cl : Command line warning D9002: ignoring unknown option '-std=c99' [D:\Workspace\TitanGame\build\CMakeFiles\CMakeTmp\cmTC_c3968.vcxproj]

    1 Warning(s)
    0 Error(s)

Time Elapsed 00:00:01.11

Source file was:
int main(void) { return 0; }
Performing C SOURCE FILE Test HAVE_RESTRICT failed with the following output:
Change Dir: D:/Workspace/TitanGame/build/CMakeFiles/CMakeTmp

Run Build Command:"D:/Programs/Visual Studio 2017/MSBuild/15.0/Bin/MSBuild.exe" "cmTC_db33c.vcxproj" "/p:Configuration=Debug" "/p:VisualStudioVersion=15.0"
Microsoft (R) Build Engine version 15.5.180.51428 for .NET Framework
Copyright (C) Microsoft Corporation. All rights reserved.

Build started 12/19/2017 6:47:03 PM.
Project "D:\Workspace\TitanGame\build\CMakeFiles\CMakeTmp\cmTC_db33c.vcxproj" on node 1 (default targets).
PrepareForBuild:
  Creating directory "cmTC_db33c.dir\Debug\".
  Creating directory "D:\Workspace\TitanGame\build\CMakeFiles\CMakeTmp\Debug\".
  Creating directory "cmTC_db33c.dir\Debug\cmTC_db33c.tlog\".
InitializeBuildStatus:
  Creating "cmTC_db33c.dir\Debug\cmTC_db33c.tlog\unsuccessfulbuild" because "AlwaysCreate" was specified.
ClCompile:
  D:\Programs\Visual Studio 2017\VC\Tools\MSVC\14.12.25827\bin\HostX86\x86\CL.exe /c /Zi /W3 /WX- /diagnostics:classic /Od /Ob0 /Oy- /D WIN32 /D _WINDOWS /D HAVE_RESTRICT /D _LARGEFILE_SOURCE /D _LARGE_FILES /D _DEBUG /D "CMAKE_INTDIR=\"Debug\"" /D _MBCS /Gm- /RTC1 /MDd /GS /fp:precise /Zc:wchar_t /Zc:forScope /Zc:inline /Fo"cmTC_db33c.dir\Debug\\" /Fd"cmTC_db33c.dir\Debug\vc141.pdb" /Gd /TC /analyze- /errorReport:queue D:\Workspace\TitanGame\build\CMakeFiles\CMakeTmp\src.c
  Microsoft (R) C/C++ Optimizing Compiler Version 19.12.25831 for x86
  Copyright (C) Microsoft Corporation.  All rights reserved.
  
  cl /c /Zi /W3 /WX- /diagnostics:classic /Od /Ob0 /Oy- /D WIN32 /D _WINDOWS /D HAVE_RESTRICT /D _LARGEFILE_SOURCE /D _LARGE_FILES /D _DEBUG /D "CMAKE_INTDIR=\"Debug\"" /D _MBCS /Gm- /RTC1 /MDd /GS /fp:precise /Zc:wchar_t /Zc:forScope /Zc:inline /Fo"cmTC_db33c.dir\Debug\\" /Fd"cmTC_db33c.dir\Debug\vc141.pdb" /Gd /TC /analyze- /errorReport:queue D:\Workspace\TitanGame\build\CMakeFiles\CMakeTmp\src.c
  src.c
  
D:\Workspace\TitanGame\build\CMakeFiles\CMakeTmp\src.c(1): error C2061: syntax error: identifier 'foo' [D:\Workspace\TitanGame\build\CMakeFiles\CMakeTmp\cmTC_db33c.vcxproj]
D:\Workspace\TitanGame\build\CMakeFiles\CMakeTmp\src.c(1): error C2059: syntax error: ';' [D:\Workspace\TitanGame\build\CMakeFiles\CMakeTmp\cmTC_db33c.vcxproj]
Done Building Project "D:\Workspace\TitanGame\build\CMakeFiles\CMakeTmp\cmTC_db33c.vcxproj" (default targets) -- FAILED.

Build FAILED.

"D:\Workspace\TitanGame\build\CMakeFiles\CMakeTmp\cmTC_db33c.vcxproj" (default target) (1) ->
(ClCompile target) -> 
  D:\Workspace\TitanGame\build\CMakeFiles\CMakeTmp\src.c(1): error C2061: syntax error: identifier 'foo' [D:\Workspace\TitanGame\build\CMakeFiles\CMakeTmp\cmTC_db33c.vcxproj]
  D:\Workspace\TitanGame\build\CMakeFiles\CMakeTmp\src.c(1): error C2059: syntax error: ';' [D:\Workspace\TitanGame\build\CMakeFiles\CMakeTmp\cmTC_db33c.vcxproj]

    0 Warning(s)
    2 Error(s)

Time Elapsed 00:00:00.62

Source file was:
int *restrict foo;
                             int main() {return 0;}
Performing C SOURCE FILE Test HAVE_LIBATOMIC failed with the following output:
Change Dir: D:/Workspace/TitanGame/build/CMakeFiles/CMakeTmp

Run Build Command:"D:/Programs/Visual Studio 2017/MSBuild/15.0/Bin/MSBuild.exe" "cmTC_d6a84.vcxproj" "/p:Configuration=Debug" "/p:VisualStudioVersion=15.0"
Microsoft (R) Build Engine version 15.5.180.51428 for .NET Framework
Copyright (C) Microsoft Corporation. All rights reserved.

Build started 12/19/2017 6:47:07 PM.
Project "D:\Workspace\TitanGame\build\CMakeFiles\CMakeTmp\cmTC_d6a84.vcxproj" on node 1 (default targets).
PrepareForBuild:
  Creating directory "cmTC_d6a84.dir\Debug\".
  Creating directory "D:\Workspace\TitanGame\build\CMakeFiles\CMakeTmp\Debug\".
  Creating directory "cmTC_d6a84.dir\Debug\cmTC_d6a84.tlog\".
InitializeBuildStatus:
  Creating "cmTC_d6a84.dir\Debug\cmTC_d6a84.tlog\unsuccessfulbuild" because "AlwaysCreate" was specified.
ClCompile:
  D:\Programs\Visual Studio 2017\VC\Tools\MSVC\14.12.25827\bin\HostX86\x86\CL.exe /c /Zi /W3 /WX- /diagnostics:classic /Od /Ob0 /Oy- /D WIN32 /D _WINDOWS /D HAVE_LIBATOMIC /D _LARGEFILE_SOURCE /D _LARGE_FILES /D restrict= /D _DEBUG /D "CMAKE_INTDIR=\"Debug\"" /D _MBCS /Gm- /RTC1 /MDd /GS /fp:precise /Zc:wchar_t /Zc:forScope /Zc:inline /Fo"cmTC_d6a84.dir\Debug\\" /Fd"cmTC_d6a84.dir\Debug\vc141.pdb" /Gd /TC /analyze- /errorReport:queue D:\Workspace\TitanGame\build\CMakeFiles\CMakeTmp\src.c
  Microsoft (R) C/C++ Optimizing Compiler Version 19.12.25831 for x86
  Copyright (C) Microsoft Corporation.  All rights reserved.
  
  cl /c /Zi /W3 /WX- /diagnostics:classic /Od /Ob0 /Oy- /D WIN32 /D _WINDOWS /D HAVE_LIBATOMIC /D _LARGEFILE_SOURCE /D _LARGE_FILES /D restrict= /D _DEBUG /D "CMAKE_INTDIR=\"Debug\"" /D _MBCS /Gm- /RTC1 /MDd /GS /fp:precise /Zc:wchar_t /Zc:forScope /Zc:inline /Fo"cmTC_d6a84.dir\Debug\\" /Fd"cmTC_d6a84.dir\Debug\vc141.pdb" /Gd /TC /analyze- /errorReport:queue D:\Workspace\TitanGame\build\CMakeFiles\CMakeTmp\src.c
  src.c
  
D:\Workspace\TitanGame\build\CMakeFiles\CMakeTmp\src.c(1): fatal error C1083: Cannot open include file: 'stdatomic.h': No such file or directory [D:\Workspace\TitanGame\build\CMakeFiles\CMakeTmp\cmTC_d6a84.vcxproj]
Done Building Project "D:\Workspace\TitanGame\build\CMakeFiles\CMakeTmp\cmTC_d6a84.vcxproj" (default targets) -- FAILED.

Build FAILED.

"D:\Workspace\TitanGame\build\CMakeFiles\CMakeTmp\cmTC_d6a84.vcxproj" (default target) (1) ->
(ClCompile target) -> 
  D:\Workspace\TitanGame\build\CMakeFiles\CMakeTmp\src.c(1): fatal error C1083: Cannot open include file: 'stdatomic.h': No such file or directory [D:\Workspace\TitanGame\build\CMakeFiles\CMakeTmp\cmTC_d6a84.vcxproj]

    0 Warning(s)
    1 Error(s)

Time Elapsed 00:00:00.65

Source file was:
#include <stdatomic.h>
int _Atomic foo = ATOMIC_VAR_INIT(0);
int main()
{
    return atomic_fetch_add(&foo, 2);
}
Determining if the function __android_log_print exists in the log failed with the following output:
Change Dir: D:/Workspace/TitanGame/build/CMakeFiles/CMakeTmp

Run Build Command:"D:/Programs/Visual Studio 2017/MSBuild/15.0/Bin/MSBuild.exe" "cmTC_fbf12.vcxproj" "/p:Configuration=Debug" "/p:VisualStudioVersion=15.0"
Microsoft (R) Build Engine version 15.5.180.51428 for .NET Framework
Copyright (C) Microsoft Corporation. All rights reserved.

Build started 12/19/2017 6:47:08 PM.
Project "D:\Workspace\TitanGame\build\CMakeFiles\CMakeTmp\cmTC_fbf12.vcxproj" on node 1 (default targets).
PrepareForBuild:
  Creating directory "cmTC_fbf12.dir\Debug\".
  Creating directory "D:\Workspace\TitanGame\build\CMakeFiles\CMakeTmp\Debug\".
  Creating directory "cmTC_fbf12.dir\Debug\cmTC_fbf12.tlog\".
InitializeBuildStatus:
  Creating "cmTC_fbf12.dir\Debug\cmTC_fbf12.tlog\unsuccessfulbuild" because "AlwaysCreate" was specified.
ClCompile:
  D:\Programs\Visual Studio 2017\VC\Tools\MSVC\14.12.25827\bin\HostX86\x86\CL.exe /c /Zi /W3 /WX- /diagnostics:classic /Od /Ob0 /Oy- /D WIN32 /D _WINDOWS /D CHECK_FUNCTION_EXISTS=__android_log_print /D _LARGEFILE_SOURCE /D _LARGE_FILES /D restrict= /D _DEBUG /D "CMAKE_INTDIR=\"Debug\"" /D _MBCS /Gm- /RTC1 /MDd /GS /fp:precise /Zc:wchar_t /Zc:forScope /Zc:inline /Fo"cmTC_fbf12.dir\Debug\\" /Fd"cmTC_fbf12.dir\Debug\vc141.pdb" /Gd /TC /analyze- /errorReport:queue "D:\Programs\CMake\share\cmake-3.7\Modules\CheckFunctionExists.c"
  Microsoft (R) C/C++ Optimizing Compiler Version 19.12.25831 for x86
  Copyright (C) Microsoft Corporation.  All rights reserved.
  
  cl /c /Zi /W3 /WX- /diagnostics:classic /Od /Ob0 /Oy- /D WIN32 /D _WINDOWS /D CHECK_FUNCTION_EXISTS=__android_log_print /D _LARGEFILE_SOURCE /D _LARGE_FILES /D restrict= /D _DEBUG /D "CMAKE_INTDIR=\"Debug\"" /D _MBCS /Gm- /RTC1 /MDd /GS /fp:precise /Zc:wchar_t /Zc:forScope /Zc:inline /Fo"cmTC_fbf12.dir\Debug\\" /Fd"cmTC_fbf12.dir\Debug\vc141.pdb" /Gd /TC /analyze- /errorReport:queue "D:\Programs\CMake\share\cmake-3.7\Modules\CheckFunctionExists.c"
  CheckFunctionExists.c
  
Link:
  D:\Programs\Visual Studio 2017\VC\Tools\MSVC\14.12.25827\bin\HostX86\x86\link.exe /ERRORREPORT:QUEUE /OUT:"D:\Workspace\TitanGame\build\CMakeFiles\CMakeTmp\Debug\cmTC_fbf12.exe" /INCREMENTAL /NOLOGO kernel32.lib user32.lib gdi32.lib winspool.lib shell32.lib ole32.lib oleaut32.lib uuid.lib comdlg32.lib advapi32.lib log.lib /MANIFEST /MANIFESTUAC:"level='asInvoker' uiAccess='false'" /manifest:embed /DEBUG /PDB:"D:/Workspace/TitanGame/build/CMakeFiles/CMakeTmp/Debug/cmTC_fbf12.pdb" /SUBSYSTEM:CONSOLE /TLBID:1 /DYNAMICBASE /NXCOMPAT /IMPLIB:"D:/Workspace/TitanGame/build/CMakeFiles/CMakeTmp/Debug/cmTC_fbf12.lib" /MACHINE:X86 /SAFESEH  /machine:X86 cmTC_fbf12.dir\Debug\CheckFunctionExists.obj
LINK : fatal error LNK1104: cannot open file 'log.lib' [D:\Workspace\TitanGame\build\CMakeFiles\CMakeTmp\cmTC_fbf12.vcxproj]
Done Building Project "D:\Workspace\TitanGame\build\CMakeFiles\CMakeTmp\cmTC_fbf12.vcxproj" (default targets) -- FAILED.

Build FAILED.

"D:\Workspace\TitanGame\build\CMakeFiles\CMakeTmp\cmTC_fbf12.vcxproj" (default target) (1) ->
(Link target) -> 
  LINK : fatal error LNK1104: cannot open file 'log.lib' [D:\Workspace\TitanGame\build\CMakeFiles\CMakeTmp\cmTC_fbf12.vcxproj]

    0 Warning(s)
    1 Error(s)

Time Elapsed 00:00:00.88


Performing C SOURCE FILE Test HAVE_C99_VLA failed with the following output:
Change Dir: D:/Workspace/TitanGame/build/CMakeFiles/CMakeTmp

Run Build Command:"D:/Programs/Visual Studio 2017/MSBuild/15.0/Bin/MSBuild.exe" "cmTC_60412.vcxproj" "/p:Configuration=Debug" "/p:VisualStudioVersion=15.0"
Microsoft (R) Build Engine version 15.5.180.51428 for .NET Framework
Copyright (C) Microsoft Corporation. All rights reserved.

Build started 12/19/2017 6:47:09 PM.
Project "D:\Workspace\TitanGame\build\CMakeFiles\CMakeTmp\cmTC_60412.vcxproj" on node 1 (default targets).
PrepareForBuild:
  Creating directory "cmTC_60412.dir\Debug\".
  Creating directory "D:\Workspace\TitanGame\build\CMakeFiles\CMakeTmp\Debug\".
  Creating directory "cmTC_60412.dir\Debug\cmTC_60412.tlog\".
InitializeBuildStatus:
  Creating "cmTC_60412.dir\Debug\cmTC_60412.tlog\unsuccessfulbuild" because "AlwaysCreate" was specified.
ClCompile:
  D:\Programs\Visual Studio 2017\VC\Tools\MSVC\14.12.25827\bin\HostX86\x86\CL.exe /c /Zi /W3 /WX- /diagnostics:classic /Od /Ob0 /Oy- /D WIN32 /D _WINDOWS /D HAVE_C99_VLA /D _LARGEFILE_SOURCE /D _LARGE_FILES /D restrict= /D _DEBUG /D "CMAKE_INTDIR=\"Debug\"" /D _MBCS /Gm- /RTC1 /MDd /GS /fp:precise /Zc:wchar_t /Zc:forScope /Zc:inline /Fo"cmTC_60412.dir\Debug\\" /Fd"cmTC_60412.dir\Debug\vc141.pdb" /Gd /TC /analyze- /errorReport:queue D:\Workspace\TitanGame\build\CMakeFiles\CMakeTmp\src.c
  Microsoft (R) C/C++ Optimizing Compiler Version 19.12.25831 for x86
  Copyright (C) Microsoft Corporation.  All rights reserved.
  
  cl /c /Zi /W3 /WX- /diagnostics:classic /Od /Ob0 /Oy- /D WIN32 /D _WINDOWS /D HAVE_C99_VLA /D _LARGEFILE_SOURCE /D _LARGE_FILES /D restrict= /D _DEBUG /D "CMAKE_INTDIR=\"Debug\"" /D _MBCS /Gm- /RTC1 /MDd /GS /fp:precise /Zc:wchar_t /Zc:forScope /Zc:inline /Fo"cmTC_60412.dir\Debug\\" /Fd"cmTC_60412.dir\Debug\vc141.pdb" /Gd /TC /analyze- /errorReport:queue D:\Workspace\TitanGame\build\CMakeFiles\CMakeTmp\src.c
  src.c
  
D:\Workspace\TitanGame\build\CMakeFiles\CMakeTmp\src.c(3): error C2057: expected constant expression [D:\Workspace\TitanGame\build\CMakeFiles\CMakeTmp\cmTC_60412.vcxproj]
D:\Workspace\TitanGame\build\CMakeFiles\CMakeTmp\src.c(3): error C2466: cannot allocate an array of constant size 0 [D:\Workspace\TitanGame\build\CMakeFiles\CMakeTmp\cmTC_60412.vcxproj]
D:\Workspace\TitanGame\build\CMakeFiles\CMakeTmp\src.c(3): error C2133: 'tmp': unknown size [D:\Workspace\TitanGame\build\CMakeFiles\CMakeTmp\cmTC_60412.vcxproj]
Done Building Project "D:\Workspace\TitanGame\build\CMakeFiles\CMakeTmp\cmTC_60412.vcxproj" (default targets) -- FAILED.

Build FAILED.

"D:\Workspace\TitanGame\build\CMakeFiles\CMakeTmp\cmTC_60412.vcxproj" (default target) (1) ->
(ClCompile target) -> 
  D:\Workspace\TitanGame\build\CMakeFiles\CMakeTmp\src.c(3): error C2057: expected constant expression [D:\Workspace\TitanGame\build\CMakeFiles\CMakeTmp\cmTC_60412.vcxproj]
  D:\Workspace\TitanGame\build\CMakeFiles\CMakeTmp\src.c(3): error C2466: cannot allocate an array of constant size 0 [D:\Workspace\TitanGame\build\CMakeFiles\CMakeTmp\cmTC_60412.vcxproj]
  D:\Workspace\TitanGame\build\CMakeFiles\CMakeTmp\src.c(3): error C2133: 'tmp': unknown size [D:\Workspace\TitanGame\build\CMakeFiles\CMakeTmp\cmTC_60412.vcxproj]

    0 Warning(s)
    3 Error(s)

Time Elapsed 00:00:00.64

Source file was:
int main(int argc, char *argv[])
 {
     volatile int tmp[argc];
     tmp[0] = argv[0][0];
     return tmp[0];
 }
Performing C SOURCE FILE Test HAVE_C11_STATIC_ASSERT failed with the following output:
Change Dir: D:/Workspace/TitanGame/build/CMakeFiles/CMakeTmp

Run Build Command:"D:/Programs/Visual Studio 2017/MSBuild/15.0/Bin/MSBuild.exe" "cmTC_bf77c.vcxproj" "/p:Configuration=Debug" "/p:VisualStudioVersion=15.0"
Microsoft (R) Build Engine version 15.5.180.51428 for .NET Framework
Copyright (C) Microsoft Corporation. All rights reserved.

Build started 12/19/2017 6:47:11 PM.
Project "D:\Workspace\TitanGame\build\CMakeFiles\CMakeTmp\cmTC_bf77c.vcxproj" on node 1 (default targets).
PrepareForBuild:
  Creating directory "cmTC_bf77c.dir\Debug\".
  Creating directory "D:\Workspace\TitanGame\build\CMakeFiles\CMakeTmp\Debug\".
  Creating directory "cmTC_bf77c.dir\Debug\cmTC_bf77c.tlog\".
InitializeBuildStatus:
  Creating "cmTC_bf77c.dir\Debug\cmTC_bf77c.tlog\unsuccessfulbuild" because "AlwaysCreate" was specified.
ClCompile:
  D:\Programs\Visual Studio 2017\VC\Tools\MSVC\14.12.25827\bin\HostX86\x86\CL.exe /c /Zi /W3 /WX- /diagnostics:classic /Od /Ob0 /Oy- /D WIN32 /D _WINDOWS /D HAVE_C11_STATIC_ASSERT /D _LARGEFILE_SOURCE /D _LARGE_FILES /D restrict= /D _DEBUG /D "CMAKE_INTDIR=\"Debug\"" /D _MBCS /Gm- /RTC1 /MDd /GS /fp:precise /Zc:wchar_t /Zc:forScope /Zc:inline /Fo"cmTC_bf77c.dir\Debug\\" /Fd"cmTC_bf77c.dir\Debug\vc141.pdb" /Gd /TC /analyze- /errorReport:queue D:\Workspace\TitanGame\build\CMakeFiles\CMakeTmp\src.c
  Microsoft (R) C/C++ Optimizing Compiler Version 19.12.25831 for x86
  Copyright (C) Microsoft Corporation.  All rights reserved.
  
  cl /c /Zi /W3 /WX- /diagnostics:classic /Od /Ob0 /Oy- /D WIN32 /D _WINDOWS /D HAVE_C11_STATIC_ASSERT /D _LARGEFILE_SOURCE /D _LARGE_FILES /D restrict= /D _DEBUG /D "CMAKE_INTDIR=\"Debug\"" /D _MBCS /Gm- /RTC1 /MDd /GS /fp:precise /Zc:wchar_t /Zc:forScope /Zc:inline /Fo"cmTC_bf77c.dir\Debug\\" /Fd"cmTC_bf77c.dir\Debug\vc141.pdb" /Gd /TC /analyze- /errorReport:queue D:\Workspace\TitanGame\build\CMakeFiles\CMakeTmp\src.c
  src.c
  
D:\Workspace\TitanGame\build\CMakeFiles\CMakeTmp\src.c(3): warning C4013: '_Static_assert' undefined; assuming extern returning int [D:\Workspace\TitanGame\build\CMakeFiles\CMakeTmp\cmTC_bf77c.vcxproj]
Link:
  D:\Programs\Visual Studio 2017\VC\Tools\MSVC\14.12.25827\bin\HostX86\x86\link.exe /ERRORREPORT:QUEUE /OUT:"D:\Workspace\TitanGame\build\CMakeFiles\CMakeTmp\Debug\cmTC_bf77c.exe" /INCREMENTAL /NOLOGO kernel32.lib user32.lib gdi32.lib winspool.lib shell32.lib ole32.lib oleaut32.lib uuid.lib comdlg32.lib advapi32.lib /MANIFEST /MANIFESTUAC:"level='asInvoker' uiAccess='false'" /manifest:embed /DEBUG /PDB:"D:/Workspace/TitanGame/build/CMakeFiles/CMakeTmp/Debug/cmTC_bf77c.pdb" /SUBSYSTEM:CONSOLE /TLBID:1 /DYNAMICBASE /NXCOMPAT /IMPLIB:"D:/Workspace/TitanGame/build/CMakeFiles/CMakeTmp/Debug/cmTC_bf77c.lib" /MACHINE:X86 /SAFESEH  /machine:X86 cmTC_bf77c.dir\Debug\src.obj
src.obj : error LNK2019: unresolved external symbol __Static_assert referenced in function _main [D:\Workspace\TitanGame\build\CMakeFiles\CMakeTmp\cmTC_bf77c.vcxproj]
D:\Workspace\TitanGame\build\CMakeFiles\CMakeTmp\Debug\cmTC_bf77c.exe : fatal error LNK1120: 1 unresolved externals [D:\Workspace\TitanGame\build\CMakeFiles\CMakeTmp\cmTC_bf77c.vcxproj]
Done Building Project "D:\Workspace\TitanGame\build\CMakeFiles\CMakeTmp\cmTC_bf77c.vcxproj" (default targets) -- FAILED.

Build FAILED.

"D:\Workspace\TitanGame\build\CMakeFiles\CMakeTmp\cmTC_bf77c.vcxproj" (default target) (1) ->
(ClCompile target) -> 
  D:\Workspace\TitanGame\build\CMakeFiles\CMakeTmp\src.c(3): warning C4013: '_Static_assert' undefined; assuming extern returning int [D:\Workspace\TitanGame\build\CMakeFiles\CMakeTmp\cmTC_bf77c.vcxproj]


"D:\Workspace\TitanGame\build\CMakeFiles\CMakeTmp\cmTC_bf77c.vcxproj" (default target) (1) ->
(Link target) -> 
  src.obj : error LNK2019: unresolved external symbol __Static_assert referenced in function _main [D:\Workspace\TitanGame\build\CMakeFiles\CMakeTmp\cmTC_bf77c.vcxproj]
  D:\Workspace\TitanGame\build\CMakeFiles\CMakeTmp\Debug\cmTC_bf77c.exe : fatal error LNK1120: 1 unresolved externals [D:\Workspace\TitanGame\build\CMakeFiles\CMakeTmp\cmTC_bf77c.vcxproj]

    1 Warning(s)
    2 Error(s)

Time Elapsed 00:00:01.04

Source file was:
int main()
 {
     _Static_assert(sizeof(int) == sizeof(int), "What");
     return 0;
 }
Performing C SOURCE FILE Test HAVE_C11_ALIGNAS failed with the following output:
Change Dir: D:/Workspace/TitanGame/build/CMakeFiles/CMakeTmp

Run Build Command:"D:/Programs/Visual Studio 2017/MSBuild/15.0/Bin/MSBuild.exe" "cmTC_d6652.vcxproj" "/p:Configuration=Debug" "/p:VisualStudioVersion=15.0"
Microsoft (R) Build Engine version 15.5.180.51428 for .NET Framework
Copyright (C) Microsoft Corporation. All rights reserved.

Build started 12/19/2017 6:47:13 PM.
Project "D:\Workspace\TitanGame\build\CMakeFiles\CMakeTmp\cmTC_d6652.vcxproj" on node 1 (default targets).
PrepareForBuild:
  Creating directory "cmTC_d6652.dir\Debug\".
  Creating directory "D:\Workspace\TitanGame\build\CMakeFiles\CMakeTmp\Debug\".
  Creating directory "cmTC_d6652.dir\Debug\cmTC_d6652.tlog\".
InitializeBuildStatus:
  Creating "cmTC_d6652.dir\Debug\cmTC_d6652.tlog\unsuccessfulbuild" because "AlwaysCreate" was specified.
ClCompile:
  D:\Programs\Visual Studio 2017\VC\Tools\MSVC\14.12.25827\bin\HostX86\x86\CL.exe /c /Zi /W3 /WX- /diagnostics:classic /Od /Ob0 /Oy- /D WIN32 /D _WINDOWS /D HAVE_C11_ALIGNAS /D _LARGEFILE_SOURCE /D _LARGE_FILES /D restrict= /D _DEBUG /D "CMAKE_INTDIR=\"Debug\"" /D _MBCS /Gm- /RTC1 /MDd /GS /fp:precise /Zc:wchar_t /Zc:forScope /Zc:inline /Fo"cmTC_d6652.dir\Debug\\" /Fd"cmTC_d6652.dir\Debug\vc141.pdb" /Gd /TC /analyze- /errorReport:queue D:\Workspace\TitanGame\build\CMakeFiles\CMakeTmp\src.c
  Microsoft (R) C/C++ Optimizing Compiler Version 19.12.25831 for x86
  Copyright (C) Microsoft Corporation.  All rights reserved.
  
  cl /c /Zi /W3 /WX- /diagnostics:classic /Od /Ob0 /Oy- /D WIN32 /D _WINDOWS /D HAVE_C11_ALIGNAS /D _LARGEFILE_SOURCE /D _LARGE_FILES /D restrict= /D _DEBUG /D "CMAKE_INTDIR=\"Debug\"" /D _MBCS /Gm- /RTC1 /MDd /GS /fp:precise /Zc:wchar_t /Zc:forScope /Zc:inline /Fo"cmTC_d6652.dir\Debug\\" /Fd"cmTC_d6652.dir\Debug\vc141.pdb" /Gd /TC /analyze- /errorReport:queue D:\Workspace\TitanGame\build\CMakeFiles\CMakeTmp\src.c
  src.c
  
D:\Workspace\TitanGame\build\CMakeFiles\CMakeTmp\src.c(1): error C2143: syntax error: missing ')' before 'constant' [D:\Workspace\TitanGame\build\CMakeFiles\CMakeTmp\cmTC_d6652.vcxproj]
D:\Workspace\TitanGame\build\CMakeFiles\CMakeTmp\src.c(1): error C2143: syntax error: missing '{' before 'constant' [D:\Workspace\TitanGame\build\CMakeFiles\CMakeTmp\cmTC_d6652.vcxproj]
D:\Workspace\TitanGame\build\CMakeFiles\CMakeTmp\src.c(1): error C2059: syntax error: 'constant' [D:\Workspace\TitanGame\build\CMakeFiles\CMakeTmp\cmTC_d6652.vcxproj]
D:\Workspace\TitanGame\build\CMakeFiles\CMakeTmp\src.c(1): error C2059: syntax error: ')' [D:\Workspace\TitanGame\build\CMakeFiles\CMakeTmp\cmTC_d6652.vcxproj]
Done Building Project "D:\Workspace\TitanGame\build\CMakeFiles\CMakeTmp\cmTC_d6652.vcxproj" (default targets) -- FAILED.

Build FAILED.

"D:\Workspace\TitanGame\build\CMakeFiles\CMakeTmp\cmTC_d6652.vcxproj" (default target) (1) ->
(ClCompile target) -> 
  D:\Workspace\TitanGame\build\CMakeFiles\CMakeTmp\src.c(1): error C2143: syntax error: missing ')' before 'constant' [D:\Workspace\TitanGame\build\CMakeFiles\CMakeTmp\cmTC_d6652.vcxproj]
  D:\Workspace\TitanGame\build\CMakeFiles\CMakeTmp\src.c(1): error C2143: syntax error: missing '{' before 'constant' [D:\Workspace\TitanGame\build\CMakeFiles\CMakeTmp\cmTC_d6652.vcxproj]
  D:\Workspace\TitanGame\build\CMakeFiles\CMakeTmp\src.c(1): error C2059: syntax error: 'constant' [D:\Workspace\TitanGame\build\CMakeFiles\CMakeTmp\cmTC_d6652.vcxproj]
  D:\Workspace\TitanGame\build\CMakeFiles\CMakeTmp\src.c(1): error C2059: syntax error: ')' [D:\Workspace\TitanGame\build\CMakeFiles\CMakeTmp\cmTC_d6652.vcxproj]

    0 Warning(s)
    4 Error(s)

Time Elapsed 00:00:00.64

Source file was:
_Alignas(16) int foo;
 int main()
 {
     return 0;
 }
Performing C SOURCE FILE Test HAVE_C11_ATOMIC failed with the following output:
Change Dir: D:/Workspace/TitanGame/build/CMakeFiles/CMakeTmp

Run Build Command:"D:/Programs/Visual Studio 2017/MSBuild/15.0/Bin/MSBuild.exe" "cmTC_34a6d.vcxproj" "/p:Configuration=Debug" "/p:VisualStudioVersion=15.0"
Microsoft (R) Build Engine version 15.5.180.51428 for .NET Framework
Copyright (C) Microsoft Corporation. All rights reserved.

Build started 12/19/2017 6:47:14 PM.
Project "D:\Workspace\TitanGame\build\CMakeFiles\CMakeTmp\cmTC_34a6d.vcxproj" on node 1 (default targets).
PrepareForBuild:
  Creating directory "cmTC_34a6d.dir\Debug\".
  Creating directory "D:\Workspace\TitanGame\build\CMakeFiles\CMakeTmp\Debug\".
  Creating directory "cmTC_34a6d.dir\Debug\cmTC_34a6d.tlog\".
InitializeBuildStatus:
  Creating "cmTC_34a6d.dir\Debug\cmTC_34a6d.tlog\unsuccessfulbuild" because "AlwaysCreate" was specified.
ClCompile:
  D:\Programs\Visual Studio 2017\VC\Tools\MSVC\14.12.25827\bin\HostX86\x86\CL.exe /c /Zi /W3 /WX- /diagnostics:classic /Od /Ob0 /Oy- /D WIN32 /D _WINDOWS /D HAVE_C11_ATOMIC /D _LARGEFILE_SOURCE /D _LARGE_FILES /D restrict= /D _DEBUG /D "CMAKE_INTDIR=\"Debug\"" /D _MBCS /Gm- /RTC1 /MDd /GS /fp:precise /Zc:wchar_t /Zc:forScope /Zc:inline /Fo"cmTC_34a6d.dir\Debug\\" /Fd"cmTC_34a6d.dir\Debug\vc141.pdb" /Gd /TC /analyze- /errorReport:queue D:\Workspace\TitanGame\build\CMakeFiles\CMakeTmp\src.c
  Microsoft (R) C/C++ Optimizing Compiler Version 19.12.25831 for x86
  Copyright (C) Microsoft Corporation.  All rights reserved.
  
  cl /c /Zi /W3 /WX- /diagnostics:classic /Od /Ob0 /Oy- /D WIN32 /D _WINDOWS /D HAVE_C11_ATOMIC /D _LARGEFILE_SOURCE /D _LARGE_FILES /D restrict= /D _DEBUG /D "CMAKE_INTDIR=\"Debug\"" /D _MBCS /Gm- /RTC1 /MDd /GS /fp:precise /Zc:wchar_t /Zc:forScope /Zc:inline /Fo"cmTC_34a6d.dir\Debug\\" /Fd"cmTC_34a6d.dir\Debug\vc141.pdb" /Gd /TC /analyze- /errorReport:queue D:\Workspace\TitanGame\build\CMakeFiles\CMakeTmp\src.c
  src.c
  
D:\Workspace\TitanGame\build\CMakeFiles\CMakeTmp\src.c(1): fatal error C1083: Cannot open include file: 'stdatomic.h': No such file or directory [D:\Workspace\TitanGame\build\CMakeFiles\CMakeTmp\cmTC_34a6d.vcxproj]
Done Building Project "D:\Workspace\TitanGame\build\CMakeFiles\CMakeTmp\cmTC_34a6d.vcxproj" (default targets) -- FAILED.

Build FAILED.

"D:\Workspace\TitanGame\build\CMakeFiles\CMakeTmp\cmTC_34a6d.vcxproj" (default target) (1) ->
(ClCompile target) -> 
  D:\Workspace\TitanGame\build\CMakeFiles\CMakeTmp\src.c(1): fatal error C1083: Cannot open include file: 'stdatomic.h': No such file or directory [D:\Workspace\TitanGame\build\CMakeFiles\CMakeTmp\cmTC_34a6d.vcxproj]

    0 Warning(s)
    1 Error(s)

Time Elapsed 00:00:00.66

Source file was:
#include <stdatomic.h>
 int _Atomic foo = ATOMIC_VAR_INIT(0);
 int main()
 {
     atomic_fetch_add(&foo, 2);
     return 0;
 }
Performing C SOURCE FILE Test HAVE___BUILTIN_ASSUME_ALIGNED failed with the following output:
Change Dir: D:/Workspace/TitanGame/build/CMakeFiles/CMakeTmp

Run Build Command:"D:/Programs/Visual Studio 2017/MSBuild/15.0/Bin/MSBuild.exe" "cmTC_4f7b7.vcxproj" "/p:Configuration=Debug" "/p:VisualStudioVersion=15.0"
Microsoft (R) Build Engine version 15.5.180.51428 for .NET Framework
Copyright (C) Microsoft Corporation. All rights reserved.

Build started 12/19/2017 6:47:15 PM.
Project "D:\Workspace\TitanGame\build\CMakeFiles\CMakeTmp\cmTC_4f7b7.vcxproj" on node 1 (default targets).
PrepareForBuild:
  Creating directory "cmTC_4f7b7.dir\Debug\".
  Creating directory "D:\Workspace\TitanGame\build\CMakeFiles\CMakeTmp\Debug\".
  Creating directory "cmTC_4f7b7.dir\Debug\cmTC_4f7b7.tlog\".
InitializeBuildStatus:
  Creating "cmTC_4f7b7.dir\Debug\cmTC_4f7b7.tlog\unsuccessfulbuild" because "AlwaysCreate" was specified.
ClCompile:
  D:\Programs\Visual Studio 2017\VC\Tools\MSVC\14.12.25827\bin\HostX86\x86\CL.exe /c /Zi /W3 /WX- /diagnostics:classic /Od /Ob0 /Oy- /D WIN32 /D _WINDOWS /D HAVE___BUILTIN_ASSUME_ALIGNED /D _LARGEFILE_SOURCE /D _LARGE_FILES /D restrict= /D _DEBUG /D "CMAKE_INTDIR=\"Debug\"" /D _MBCS /Gm- /RTC1 /MDd /GS /fp:precise /Zc:wchar_t /Zc:forScope /Zc:inline /Fo"cmTC_4f7b7.dir\Debug\\" /Fd"cmTC_4f7b7.dir\Debug\vc141.pdb" /Gd /TC /analyze- /errorReport:queue D:\Workspace\TitanGame\build\CMakeFiles\CMakeTmp\src.c
  Microsoft (R) C/C++ Optimizing Compiler Version 19.12.25831 for x86
  Copyright (C) Microsoft Corporation.  All rights reserved.
  
  cl /c /Zi /W3 /WX- /diagnostics:classic /Od /Ob0 /Oy- /D WIN32 /D _WINDOWS /D HAVE___BUILTIN_ASSUME_ALIGNED /D _LARGEFILE_SOURCE /D _LARGE_FILES /D restrict= /D _DEBUG /D "CMAKE_INTDIR=\"Debug\"" /D _MBCS /Gm- /RTC1 /MDd /GS /fp:precise /Zc:wchar_t /Zc:forScope /Zc:inline /Fo"cmTC_4f7b7.dir\Debug\\" /Fd"cmTC_4f7b7.dir\Debug\vc141.pdb" /Gd /TC /analyze- /errorReport:queue D:\Workspace\TitanGame\build\CMakeFiles\CMakeTmp\src.c
  src.c
  
D:\Workspace\TitanGame\build\CMakeFiles\CMakeTmp\src.c(5): warning C4013: '__builtin_assume_aligned' undefined; assuming extern returning int [D:\Workspace\TitanGame\build\CMakeFiles\CMakeTmp\cmTC_4f7b7.vcxproj]
D:\Workspace\TitanGame\build\CMakeFiles\CMakeTmp\src.c(5): warning C4047: '=': 'float *' differs in levels of indirection from 'int' [D:\Workspace\TitanGame\build\CMakeFiles\CMakeTmp\cmTC_4f7b7.vcxproj]
d:\workspace\titangame\build\cmakefiles\cmaketmp\src.c(5): warning C4700: uninitialized local variable 'ptr' used [D:\Workspace\TitanGame\build\CMakeFiles\CMakeTmp\cmTC_4f7b7.vcxproj]
Link:
  D:\Programs\Visual Studio 2017\VC\Tools\MSVC\14.12.25827\bin\HostX86\x86\link.exe /ERRORREPORT:QUEUE /OUT:"D:\Workspace\TitanGame\build\CMakeFiles\CMakeTmp\Debug\cmTC_4f7b7.exe" /INCREMENTAL /NOLOGO kernel32.lib user32.lib gdi32.lib winspool.lib shell32.lib ole32.lib oleaut32.lib uuid.lib comdlg32.lib advapi32.lib /MANIFEST /MANIFESTUAC:"level='asInvoker' uiAccess='false'" /manifest:embed /DEBUG /PDB:"D:/Workspace/TitanGame/build/CMakeFiles/CMakeTmp/Debug/cmTC_4f7b7.pdb" /SUBSYSTEM:CONSOLE /TLBID:1 /DYNAMICBASE /NXCOMPAT /IMPLIB:"D:/Workspace/TitanGame/build/CMakeFiles/CMakeTmp/Debug/cmTC_4f7b7.lib" /MACHINE:X86 /SAFESEH  /machine:X86 cmTC_4f7b7.dir\Debug\src.obj
src.obj : error LNK2019: unresolved external symbol ___builtin_assume_aligned referenced in function _main [D:\Workspace\TitanGame\build\CMakeFiles\CMakeTmp\cmTC_4f7b7.vcxproj]
D:\Workspace\TitanGame\build\CMakeFiles\CMakeTmp\Debug\cmTC_4f7b7.exe : fatal error LNK1120: 1 unresolved externals [D:\Workspace\TitanGame\build\CMakeFiles\CMakeTmp\cmTC_4f7b7.vcxproj]
Done Building Project "D:\Workspace\TitanGame\build\CMakeFiles\CMakeTmp\cmTC_4f7b7.vcxproj" (default targets) -- FAILED.

Build FAILED.

"D:\Workspace\TitanGame\build\CMakeFiles\CMakeTmp\cmTC_4f7b7.vcxproj" (default target) (1) ->
(ClCompile target) -> 
  D:\Workspace\TitanGame\build\CMakeFiles\CMakeTmp\src.c(5): warning C4013: '__builtin_assume_aligned' undefined; assuming extern returning int [D:\Workspace\TitanGame\build\CMakeFiles\CMakeTmp\cmTC_4f7b7.vcxproj]
  D:\Workspace\TitanGame\build\CMakeFiles\CMakeTmp\src.c(5): warning C4047: '=': 'float *' differs in levels of indirection from 'int' [D:\Workspace\TitanGame\build\CMakeFiles\CMakeTmp\cmTC_4f7b7.vcxproj]
  d:\workspace\titangame\build\cmakefiles\cmaketmp\src.c(5): warning C4700: uninitialized local variable 'ptr' used [D:\Workspace\TitanGame\build\CMakeFiles\CMakeTmp\cmTC_4f7b7.vcxproj]


"D:\Workspace\TitanGame\build\CMakeFiles\CMakeTmp\cmTC_4f7b7.vcxproj" (default target) (1) ->
(Link target) -> 
  src.obj : error LNK2019: unresolved external symbol ___builtin_assume_aligned referenced in function _main [D:\Workspace\TitanGame\build\CMakeFiles\CMakeTmp\cmTC_4f7b7.vcxproj]
  D:\Workspace\TitanGame\build\CMakeFiles\CMakeTmp\Debug\cmTC_4f7b7.exe : fatal error LNK1120: 1 unresolved externals [D:\Workspace\TitanGame\build\CMakeFiles\CMakeTmp\cmTC_4f7b7.vcxproj]

    3 Warning(s)
    2 Error(s)

Time Elapsed 00:00:01.10

Source file was:

int main()
{
    float *ptr;
    ptr = __builtin_assume_aligned(ptr, 16);
    return 0;
}
Performing C SOURCE FILE Test HAVE_GCC_FORMAT failed with the following output:
Change Dir: D:/Workspace/TitanGame/build/CMakeFiles/CMakeTmp

Run Build Command:"D:/Programs/Visual Studio 2017/MSBuild/15.0/Bin/MSBuild.exe" "cmTC_8f792.vcxproj" "/p:Configuration=Debug" "/p:VisualStudioVersion=15.0"
Microsoft (R) Build Engine version 15.5.180.51428 for .NET Framework
Copyright (C) Microsoft Corporation. All rights reserved.

Build started 12/19/2017 6:47:16 PM.
Project "D:\Workspace\TitanGame\build\CMakeFiles\CMakeTmp\cmTC_8f792.vcxproj" on node 1 (default targets).
PrepareForBuild:
  Creating directory "cmTC_8f792.dir\Debug\".
  Creating directory "D:\Workspace\TitanGame\build\CMakeFiles\CMakeTmp\Debug\".
  Creating directory "cmTC_8f792.dir\Debug\cmTC_8f792.tlog\".
InitializeBuildStatus:
  Creating "cmTC_8f792.dir\Debug\cmTC_8f792.tlog\unsuccessfulbuild" because "AlwaysCreate" was specified.
ClCompile:
  D:\Programs\Visual Studio 2017\VC\Tools\MSVC\14.12.25827\bin\HostX86\x86\CL.exe /c /Zi /W3 /WX- /diagnostics:classic /Od /Ob0 /Oy- /D WIN32 /D _WINDOWS /D HAVE_GCC_FORMAT /D _LARGEFILE_SOURCE /D _LARGE_FILES /D restrict= /D _DEBUG /D "CMAKE_INTDIR=\"Debug\"" /D _MBCS /Gm- /RTC1 /MDd /GS /fp:precise /Zc:wchar_t /Zc:forScope /Zc:inline /Fo"cmTC_8f792.dir\Debug\\" /Fd"cmTC_8f792.dir\Debug\vc141.pdb" /Gd /TC /analyze- /errorReport:queue D:\Workspace\TitanGame\build\CMakeFiles\CMakeTmp\src.c
  Microsoft (R) C/C++ Optimizing Compiler Version 19.12.25831 for x86
  Copyright (C) Microsoft Corporation.  All rights reserved.
  
  cl /c /Zi /W3 /WX- /diagnostics:classic /Od /Ob0 /Oy- /D WIN32 /D _WINDOWS /D HAVE_GCC_FORMAT /D _LARGEFILE_SOURCE /D _LARGE_FILES /D restrict= /D _DEBUG /D "CMAKE_INTDIR=\"Debug\"" /D _MBCS /Gm- /RTC1 /MDd /GS /fp:precise /Zc:wchar_t /Zc:forScope /Zc:inline /Fo"cmTC_8f792.dir\Debug\\" /Fd"cmTC_8f792.dir\Debug\vc141.pdb" /Gd /TC /analyze- /errorReport:queue D:\Workspace\TitanGame\build\CMakeFiles\CMakeTmp\src.c
  src.c
  
D:\Workspace\TitanGame\build\CMakeFiles\CMakeTmp\src.c(1): error C2061: syntax error: identifier '__attribute__' [D:\Workspace\TitanGame\build\CMakeFiles\CMakeTmp\cmTC_8f792.vcxproj]
D:\Workspace\TitanGame\build\CMakeFiles\CMakeTmp\src.c(1): error C2059: syntax error: ';' [D:\Workspace\TitanGame\build\CMakeFiles\CMakeTmp\cmTC_8f792.vcxproj]
D:\Workspace\TitanGame\build\CMakeFiles\CMakeTmp\src.c(1): error C2059: syntax error: 'constant' [D:\Workspace\TitanGame\build\CMakeFiles\CMakeTmp\cmTC_8f792.vcxproj]
Done Building Project "D:\Workspace\TitanGame\build\CMakeFiles\CMakeTmp\cmTC_8f792.vcxproj" (default targets) -- FAILED.

Build FAILED.

"D:\Workspace\TitanGame\build\CMakeFiles\CMakeTmp\cmTC_8f792.vcxproj" (default target) (1) ->
(ClCompile target) -> 
  D:\Workspace\TitanGame\build\CMakeFiles\CMakeTmp\src.c(1): error C2061: syntax error: identifier '__attribute__' [D:\Workspace\TitanGame\build\CMakeFiles\CMakeTmp\cmTC_8f792.vcxproj]
  D:\Workspace\TitanGame\build\CMakeFiles\CMakeTmp\src.c(1): error C2059: syntax error: ';' [D:\Workspace\TitanGame\build\CMakeFiles\CMakeTmp\cmTC_8f792.vcxproj]
  D:\Workspace\TitanGame\build\CMakeFiles\CMakeTmp\src.c(1): error C2059: syntax error: 'constant' [D:\Workspace\TitanGame\build\CMakeFiles\CMakeTmp\cmTC_8f792.vcxproj]

    0 Warning(s)
    3 Error(s)

Time Elapsed 00:00:00.62

Source file was:
int foo(const char *str, ...) __attribute__((format(printf, 1, 2)));
                         int main() {return 0;}
Determining if the include file stdalign.h exists failed with the following output:
Change Dir: D:/Workspace/TitanGame/build/CMakeFiles/CMakeTmp

Run Build Command:"D:/Programs/Visual Studio 2017/MSBuild/15.0/Bin/MSBuild.exe" "cmTC_23488.vcxproj" "/p:Configuration=Debug" "/p:VisualStudioVersion=15.0"
Microsoft (R) Build Engine version 15.5.180.51428 for .NET Framework
Copyright (C) Microsoft Corporation. All rights reserved.

Build started 12/19/2017 6:47:18 PM.
Project "D:\Workspace\TitanGame\build\CMakeFiles\CMakeTmp\cmTC_23488.vcxproj" on node 1 (default targets).
PrepareForBuild:
  Creating directory "cmTC_23488.dir\Debug\".
  Creating directory "D:\Workspace\TitanGame\build\CMakeFiles\CMakeTmp\Debug\".
  Creating directory "cmTC_23488.dir\Debug\cmTC_23488.tlog\".
InitializeBuildStatus:
  Creating "cmTC_23488.dir\Debug\cmTC_23488.tlog\unsuccessfulbuild" because "AlwaysCreate" was specified.
ClCompile:
  D:\Programs\Visual Studio 2017\VC\Tools\MSVC\14.12.25827\bin\HostX86\x86\CL.exe /c /Zi /W3 /WX- /diagnostics:classic /Od /Ob0 /Oy- /D WIN32 /D _WINDOWS /D _LARGEFILE_SOURCE /D _LARGE_FILES /D restrict= /D _DEBUG /D "CMAKE_INTDIR=\"Debug\"" /D _MBCS /Gm- /RTC1 /MDd /GS /fp:precise /Zc:wchar_t /Zc:forScope /Zc:inline /Fo"cmTC_23488.dir\Debug\\" /Fd"cmTC_23488.dir\Debug\vc141.pdb" /Gd /TC /analyze- /errorReport:queue D:\Workspace\TitanGame\build\CMakeFiles\CMakeTmp\CheckIncludeFile.c
  Microsoft (R) C/C++ Optimizing Compiler Version 19.12.25831 for x86
  Copyright (C) Microsoft Corporation.  All rights reserved.
  
  cl /c /Zi /W3 /WX- /diagnostics:classic /Od /Ob0 /Oy- /D WIN32 /D _WINDOWS /D _LARGEFILE_SOURCE /D _LARGE_FILES /D restrict= /D _DEBUG /D "CMAKE_INTDIR=\"Debug\"" /D _MBCS /Gm- /RTC1 /MDd /GS /fp:precise /Zc:wchar_t /Zc:forScope /Zc:inline /Fo"cmTC_23488.dir\Debug\\" /Fd"cmTC_23488.dir\Debug\vc141.pdb" /Gd /TC /analyze- /errorReport:queue D:\Workspace\TitanGame\build\CMakeFiles\CMakeTmp\CheckIncludeFile.c
  CheckIncludeFile.c
  
D:\Workspace\TitanGame\build\CMakeFiles\CMakeTmp\CheckIncludeFile.c(1): fatal error C1083: Cannot open include file: 'stdalign.h': No such file or directory [D:\Workspace\TitanGame\build\CMakeFiles\CMakeTmp\cmTC_23488.vcxproj]
Done Building Project "D:\Workspace\TitanGame\build\CMakeFiles\CMakeTmp\cmTC_23488.vcxproj" (default targets) -- FAILED.

Build FAILED.

"D:\Workspace\TitanGame\build\CMakeFiles\CMakeTmp\cmTC_23488.vcxproj" (default target) (1) ->
(ClCompile target) -> 
  D:\Workspace\TitanGame\build\CMakeFiles\CMakeTmp\CheckIncludeFile.c(1): fatal error C1083: Cannot open include file: 'stdalign.h': No such file or directory [D:\Workspace\TitanGame\build\CMakeFiles\CMakeTmp\cmTC_23488.vcxproj]

    0 Warning(s)
    1 Error(s)

Time Elapsed 00:00:00.67


Determining if the include file dirent.h exists failed with the following output:
Change Dir: D:/Workspace/TitanGame/build/CMakeFiles/CMakeTmp

Run Build Command:"D:/Programs/Visual Studio 2017/MSBuild/15.0/Bin/MSBuild.exe" "cmTC_cb219.vcxproj" "/p:Configuration=Debug" "/p:VisualStudioVersion=15.0"
Microsoft (R) Build Engine version 15.5.180.51428 for .NET Framework
Copyright (C) Microsoft Corporation. All rights reserved.

Build started 12/19/2017 6:47:21 PM.
Project "D:\Workspace\TitanGame\build\CMakeFiles\CMakeTmp\cmTC_cb219.vcxproj" on node 1 (default targets).
PrepareForBuild:
  Creating directory "cmTC_cb219.dir\Debug\".
  Creating directory "D:\Workspace\TitanGame\build\CMakeFiles\CMakeTmp\Debug\".
  Creating directory "cmTC_cb219.dir\Debug\cmTC_cb219.tlog\".
InitializeBuildStatus:
  Creating "cmTC_cb219.dir\Debug\cmTC_cb219.tlog\unsuccessfulbuild" because "AlwaysCreate" was specified.
ClCompile:
  D:\Programs\Visual Studio 2017\VC\Tools\MSVC\14.12.25827\bin\HostX86\x86\CL.exe /c /Zi /W3 /WX- /diagnostics:classic /Od /Ob0 /Oy- /D WIN32 /D _WINDOWS /D _LARGEFILE_SOURCE /D _LARGE_FILES /D restrict= /D _DEBUG /D "CMAKE_INTDIR=\"Debug\"" /D _MBCS /Gm- /RTC1 /MDd /GS /fp:precise /Zc:wchar_t /Zc:forScope /Zc:inline /Fo"cmTC_cb219.dir\Debug\\" /Fd"cmTC_cb219.dir\Debug\vc141.pdb" /Gd /TC /analyze- /errorReport:queue D:\Workspace\TitanGame\build\CMakeFiles\CMakeTmp\CheckIncludeFile.c
  Microsoft (R) C/C++ Optimizing Compiler Version 19.12.25831 for x86
  Copyright (C) Microsoft Corporation.  All rights reserved.
  
  cl /c /Zi /W3 /WX- /diagnostics:classic /Od /Ob0 /Oy- /D WIN32 /D _WINDOWS /D _LARGEFILE_SOURCE /D _LARGE_FILES /D restrict= /D _DEBUG /D "CMAKE_INTDIR=\"Debug\"" /D _MBCS /Gm- /RTC1 /MDd /GS /fp:precise /Zc:wchar_t /Zc:forScope /Zc:inline /Fo"cmTC_cb219.dir\Debug\\" /Fd"cmTC_cb219.dir\Debug\vc141.pdb" /Gd /TC /analyze- /errorReport:queue D:\Workspace\TitanGame\build\CMakeFiles\CMakeTmp\CheckIncludeFile.c
  CheckIncludeFile.c
  
D:\Workspace\TitanGame\build\CMakeFiles\CMakeTmp\CheckIncludeFile.c(1): fatal error C1083: Cannot open include file: 'dirent.h': No such file or directory [D:\Workspace\TitanGame\build\CMakeFiles\CMakeTmp\cmTC_cb219.vcxproj]
Done Building Project "D:\Workspace\TitanGame\build\CMakeFiles\CMakeTmp\cmTC_cb219.vcxproj" (default targets) -- FAILED.

Build FAILED.

"D:\Workspace\TitanGame\build\CMakeFiles\CMakeTmp\cmTC_cb219.vcxproj" (default target) (1) ->
(ClCompile target) -> 
  D:\Workspace\TitanGame\build\CMakeFiles\CMakeTmp\CheckIncludeFile.c(1): fatal error C1083: Cannot open include file: 'dirent.h': No such file or directory [D:\Workspace\TitanGame\build\CMakeFiles\CMakeTmp\cmTC_cb219.vcxproj]

    0 Warning(s)
    1 Error(s)

Time Elapsed 00:00:00.66


Determining if the include file strings.h exists failed with the following output:
Change Dir: D:/Workspace/TitanGame/build/CMakeFiles/CMakeTmp

Run Build Command:"D:/Programs/Visual Studio 2017/MSBuild/15.0/Bin/MSBuild.exe" "cmTC_817ca.vcxproj" "/p:Configuration=Debug" "/p:VisualStudioVersion=15.0"
Microsoft (R) Build Engine version 15.5.180.51428 for .NET Framework
Copyright (C) Microsoft Corporation. All rights reserved.

Build started 12/19/2017 6:47:22 PM.
Project "D:\Workspace\TitanGame\build\CMakeFiles\CMakeTmp\cmTC_817ca.vcxproj" on node 1 (default targets).
PrepareForBuild:
  Creating directory "cmTC_817ca.dir\Debug\".
  Creating directory "D:\Workspace\TitanGame\build\CMakeFiles\CMakeTmp\Debug\".
  Creating directory "cmTC_817ca.dir\Debug\cmTC_817ca.tlog\".
InitializeBuildStatus:
  Creating "cmTC_817ca.dir\Debug\cmTC_817ca.tlog\unsuccessfulbuild" because "AlwaysCreate" was specified.
ClCompile:
  D:\Programs\Visual Studio 2017\VC\Tools\MSVC\14.12.25827\bin\HostX86\x86\CL.exe /c /Zi /W3 /WX- /diagnostics:classic /Od /Ob0 /Oy- /D WIN32 /D _WINDOWS /D _LARGEFILE_SOURCE /D _LARGE_FILES /D restrict= /D _DEBUG /D "CMAKE_INTDIR=\"Debug\"" /D _MBCS /Gm- /RTC1 /MDd /GS /fp:precise /Zc:wchar_t /Zc:forScope /Zc:inline /Fo"cmTC_817ca.dir\Debug\\" /Fd"cmTC_817ca.dir\Debug\vc141.pdb" /Gd /TC /analyze- /errorReport:queue D:\Workspace\TitanGame\build\CMakeFiles\CMakeTmp\CheckIncludeFile.c
  Microsoft (R) C/C++ Optimizing Compiler Version 19.12.25831 for x86
  Copyright (C) Microsoft Corporation.  All rights reserved.
  
  cl /c /Zi /W3 /WX- /diagnostics:classic /Od /Ob0 /Oy- /D WIN32 /D _WINDOWS /D _LARGEFILE_SOURCE /D _LARGE_FILES /D restrict= /D _DEBUG /D "CMAKE_INTDIR=\"Debug\"" /D _MBCS /Gm- /RTC1 /MDd /GS /fp:precise /Zc:wchar_t /Zc:forScope /Zc:inline /Fo"cmTC_817ca.dir\Debug\\" /Fd"cmTC_817ca.dir\Debug\vc141.pdb" /Gd /TC /analyze- /errorReport:queue D:\Workspace\TitanGame\build\CMakeFiles\CMakeTmp\CheckIncludeFile.c
  CheckIncludeFile.c
  
D:\Workspace\TitanGame\build\CMakeFiles\CMakeTmp\CheckIncludeFile.c(1): fatal error C1083: Cannot open include file: 'strings.h': No such file or directory [D:\Workspace\TitanGame\build\CMakeFiles\CMakeTmp\cmTC_817ca.vcxproj]
Done Building Project "D:\Workspace\TitanGame\build\CMakeFiles\CMakeTmp\cmTC_817ca.vcxproj" (default targets) -- FAILED.

Build FAILED.

"D:\Workspace\TitanGame\build\CMakeFiles\CMakeTmp\cmTC_817ca.vcxproj" (default target) (1) ->
(ClCompile target) -> 
  D:\Workspace\TitanGame\build\CMakeFiles\CMakeTmp\CheckIncludeFile.c(1): fatal error C1083: Cannot open include file: 'strings.h': No such file or directory [D:\Workspace\TitanGame\build\CMakeFiles\CMakeTmp\cmTC_817ca.vcxproj]

    0 Warning(s)
    1 Error(s)

Time Elapsed 00:00:00.65


Determining if the include file cpuid.h exists failed with the following output:
Change Dir: D:/Workspace/TitanGame/build/CMakeFiles/CMakeTmp

Run Build Command:"D:/Programs/Visual Studio 2017/MSBuild/15.0/Bin/MSBuild.exe" "cmTC_fcf93.vcxproj" "/p:Configuration=Debug" "/p:VisualStudioVersion=15.0"
Microsoft (R) Build Engine version 15.5.180.51428 for .NET Framework
Copyright (C) Microsoft Corporation. All rights reserved.

Build started 12/19/2017 6:47:23 PM.
Project "D:\Workspace\TitanGame\build\CMakeFiles\CMakeTmp\cmTC_fcf93.vcxproj" on node 1 (default targets).
PrepareForBuild:
  Creating directory "cmTC_fcf93.dir\Debug\".
  Creating directory "D:\Workspace\TitanGame\build\CMakeFiles\CMakeTmp\Debug\".
  Creating directory "cmTC_fcf93.dir\Debug\cmTC_fcf93.tlog\".
InitializeBuildStatus:
  Creating "cmTC_fcf93.dir\Debug\cmTC_fcf93.tlog\unsuccessfulbuild" because "AlwaysCreate" was specified.
ClCompile:
  D:\Programs\Visual Studio 2017\VC\Tools\MSVC\14.12.25827\bin\HostX86\x86\CL.exe /c /Zi /W3 /WX- /diagnostics:classic /Od /Ob0 /Oy- /D WIN32 /D _WINDOWS /D _LARGEFILE_SOURCE /D _LARGE_FILES /D restrict= /D _DEBUG /D "CMAKE_INTDIR=\"Debug\"" /D _MBCS /Gm- /RTC1 /MDd /GS /fp:precise /Zc:wchar_t /Zc:forScope /Zc:inline /Fo"cmTC_fcf93.dir\Debug\\" /Fd"cmTC_fcf93.dir\Debug\vc141.pdb" /Gd /TC /analyze- /errorReport:queue D:\Workspace\TitanGame\build\CMakeFiles\CMakeTmp\CheckIncludeFile.c
  Microsoft (R) C/C++ Optimizing Compiler Version 19.12.25831 for x86
  Copyright (C) Microsoft Corporation.  All rights reserved.
  
  cl /c /Zi /W3 /WX- /diagnostics:classic /Od /Ob0 /Oy- /D WIN32 /D _WINDOWS /D _LARGEFILE_SOURCE /D _LARGE_FILES /D restrict= /D _DEBUG /D "CMAKE_INTDIR=\"Debug\"" /D _MBCS /Gm- /RTC1 /MDd /GS /fp:precise /Zc:wchar_t /Zc:forScope /Zc:inline /Fo"cmTC_fcf93.dir\Debug\\" /Fd"cmTC_fcf93.dir\Debug\vc141.pdb" /Gd /TC /analyze- /errorReport:queue D:\Workspace\TitanGame\build\CMakeFiles\CMakeTmp\CheckIncludeFile.c
  CheckIncludeFile.c
  
D:\Workspace\TitanGame\build\CMakeFiles\CMakeTmp\CheckIncludeFile.c(1): fatal error C1083: Cannot open include file: 'cpuid.h': No such file or directory [D:\Workspace\TitanGame\build\CMakeFiles\CMakeTmp\cmTC_fcf93.vcxproj]
Done Building Project "D:\Workspace\TitanGame\build\CMakeFiles\CMakeTmp\cmTC_fcf93.vcxproj" (default targets) -- FAILED.

Build FAILED.

"D:\Workspace\TitanGame\build\CMakeFiles\CMakeTmp\cmTC_fcf93.vcxproj" (default target) (1) ->
(ClCompile target) -> 
  D:\Workspace\TitanGame\build\CMakeFiles\CMakeTmp\CheckIncludeFile.c(1): fatal error C1083: Cannot open include file: 'cpuid.h': No such file or directory [D:\Workspace\TitanGame\build\CMakeFiles\CMakeTmp\cmTC_fcf93.vcxproj]

    0 Warning(s)
    1 Error(s)

Time Elapsed 00:00:00.65


Determining if the include file sys/sysconf.h exists failed with the following output:
Change Dir: D:/Workspace/TitanGame/build/CMakeFiles/CMakeTmp

Run Build Command:"D:/Programs/Visual Studio 2017/MSBuild/15.0/Bin/MSBuild.exe" "cmTC_c7712.vcxproj" "/p:Configuration=Debug" "/p:VisualStudioVersion=15.0"
Microsoft (R) Build Engine version 15.5.180.51428 for .NET Framework
Copyright (C) Microsoft Corporation. All rights reserved.

Build started 12/19/2017 6:47:25 PM.
Project "D:\Workspace\TitanGame\build\CMakeFiles\CMakeTmp\cmTC_c7712.vcxproj" on node 1 (default targets).
PrepareForBuild:
  Creating directory "cmTC_c7712.dir\Debug\".
  Creating directory "D:\Workspace\TitanGame\build\CMakeFiles\CMakeTmp\Debug\".
  Creating directory "cmTC_c7712.dir\Debug\cmTC_c7712.tlog\".
InitializeBuildStatus:
  Creating "cmTC_c7712.dir\Debug\cmTC_c7712.tlog\unsuccessfulbuild" because "AlwaysCreate" was specified.
ClCompile:
  D:\Programs\Visual Studio 2017\VC\Tools\MSVC\14.12.25827\bin\HostX86\x86\CL.exe /c /Zi /W3 /WX- /diagnostics:classic /Od /Ob0 /Oy- /D WIN32 /D _WINDOWS /D _LARGEFILE_SOURCE /D _LARGE_FILES /D restrict= /D _DEBUG /D "CMAKE_INTDIR=\"Debug\"" /D _MBCS /Gm- /RTC1 /MDd /GS /fp:precise /Zc:wchar_t /Zc:forScope /Zc:inline /Fo"cmTC_c7712.dir\Debug\\" /Fd"cmTC_c7712.dir\Debug\vc141.pdb" /Gd /TC /analyze- /errorReport:queue D:\Workspace\TitanGame\build\CMakeFiles\CMakeTmp\CheckIncludeFile.c
  Microsoft (R) C/C++ Optimizing Compiler Version 19.12.25831 for x86
  Copyright (C) Microsoft Corporation.  All rights reserved.
  
  cl /c /Zi /W3 /WX- /diagnostics:classic /Od /Ob0 /Oy- /D WIN32 /D _WINDOWS /D _LARGEFILE_SOURCE /D _LARGE_FILES /D restrict= /D _DEBUG /D "CMAKE_INTDIR=\"Debug\"" /D _MBCS /Gm- /RTC1 /MDd /GS /fp:precise /Zc:wchar_t /Zc:forScope /Zc:inline /Fo"cmTC_c7712.dir\Debug\\" /Fd"cmTC_c7712.dir\Debug\vc141.pdb" /Gd /TC /analyze- /errorReport:queue D:\Workspace\TitanGame\build\CMakeFiles\CMakeTmp\CheckIncludeFile.c
  CheckIncludeFile.c
  
D:\Workspace\TitanGame\build\CMakeFiles\CMakeTmp\CheckIncludeFile.c(1): fatal error C1083: Cannot open include file: 'sys/sysconf.h': No such file or directory [D:\Workspace\TitanGame\build\CMakeFiles\CMakeTmp\cmTC_c7712.vcxproj]
Done Building Project "D:\Workspace\TitanGame\build\CMakeFiles\CMakeTmp\cmTC_c7712.vcxproj" (default targets) -- FAILED.

Build FAILED.

"D:\Workspace\TitanGame\build\CMakeFiles\CMakeTmp\cmTC_c7712.vcxproj" (default target) (1) ->
(ClCompile target) -> 
  D:\Workspace\TitanGame\build\CMakeFiles\CMakeTmp\CheckIncludeFile.c(1): fatal error C1083: Cannot open include file: 'sys/sysconf.h': No such file or directory [D:\Workspace\TitanGame\build\CMakeFiles\CMakeTmp\cmTC_c7712.vcxproj]

    0 Warning(s)
    1 Error(s)

Time Elapsed 00:00:00.64


Determining if the include file ieeefp.h exists failed with the following output:
Change Dir: D:/Workspace/TitanGame/build/CMakeFiles/CMakeTmp

Run Build Command:"D:/Programs/Visual Studio 2017/MSBuild/15.0/Bin/MSBuild.exe" "cmTC_a28fd.vcxproj" "/p:Configuration=Debug" "/p:VisualStudioVersion=15.0"
Microsoft (R) Build Engine version 15.5.180.51428 for .NET Framework
Copyright (C) Microsoft Corporation. All rights reserved.

Build started 12/19/2017 6:47:29 PM.
Project "D:\Workspace\TitanGame\build\CMakeFiles\CMakeTmp\cmTC_a28fd.vcxproj" on node 1 (default targets).
PrepareForBuild:
  Creating directory "cmTC_a28fd.dir\Debug\".
  Creating directory "D:\Workspace\TitanGame\build\CMakeFiles\CMakeTmp\Debug\".
  Creating directory "cmTC_a28fd.dir\Debug\cmTC_a28fd.tlog\".
InitializeBuildStatus:
  Creating "cmTC_a28fd.dir\Debug\cmTC_a28fd.tlog\unsuccessfulbuild" because "AlwaysCreate" was specified.
ClCompile:
  D:\Programs\Visual Studio 2017\VC\Tools\MSVC\14.12.25827\bin\HostX86\x86\CL.exe /c /Zi /W3 /WX- /diagnostics:classic /Od /Ob0 /Oy- /D WIN32 /D _WINDOWS /D _LARGEFILE_SOURCE /D _LARGE_FILES /D restrict= /D _DEBUG /D "CMAKE_INTDIR=\"Debug\"" /D _MBCS /Gm- /RTC1 /MDd /GS /fp:precise /Zc:wchar_t /Zc:forScope /Zc:inline /Fo"cmTC_a28fd.dir\Debug\\" /Fd"cmTC_a28fd.dir\Debug\vc141.pdb" /Gd /TC /analyze- /errorReport:queue D:\Workspace\TitanGame\build\CMakeFiles\CMakeTmp\CheckIncludeFile.c
  Microsoft (R) C/C++ Optimizing Compiler Version 19.12.25831 for x86
  Copyright (C) Microsoft Corporation.  All rights reserved.
  
  cl /c /Zi /W3 /WX- /diagnostics:classic /Od /Ob0 /Oy- /D WIN32 /D _WINDOWS /D _LARGEFILE_SOURCE /D _LARGE_FILES /D restrict= /D _DEBUG /D "CMAKE_INTDIR=\"Debug\"" /D _MBCS /Gm- /RTC1 /MDd /GS /fp:precise /Zc:wchar_t /Zc:forScope /Zc:inline /Fo"cmTC_a28fd.dir\Debug\\" /Fd"cmTC_a28fd.dir\Debug\vc141.pdb" /Gd /TC /analyze- /errorReport:queue D:\Workspace\TitanGame\build\CMakeFiles\CMakeTmp\CheckIncludeFile.c
  CheckIncludeFile.c
  
D:\Workspace\TitanGame\build\CMakeFiles\CMakeTmp\CheckIncludeFile.c(1): fatal error C1083: Cannot open include file: 'ieeefp.h': No such file or directory [D:\Workspace\TitanGame\build\CMakeFiles\CMakeTmp\cmTC_a28fd.vcxproj]
Done Building Project "D:\Workspace\TitanGame\build\CMakeFiles\CMakeTmp\cmTC_a28fd.vcxproj" (default targets) -- FAILED.

Build FAILED.

"D:\Workspace\TitanGame\build\CMakeFiles\CMakeTmp\cmTC_a28fd.vcxproj" (default target) (1) ->
(ClCompile target) -> 
  D:\Workspace\TitanGame\build\CMakeFiles\CMakeTmp\CheckIncludeFile.c(1): fatal error C1083: Cannot open include file: 'ieeefp.h': No such file or directory [D:\Workspace\TitanGame\build\CMakeFiles\CMakeTmp\cmTC_a28fd.vcxproj]

    0 Warning(s)
    1 Error(s)

Time Elapsed 00:00:00.70


Determining if the function pow exists in the m failed with the following output:
Change Dir: D:/Workspace/TitanGame/build/CMakeFiles/CMakeTmp

Run Build Command:"D:/Programs/Visual Studio 2017/MSBuild/15.0/Bin/MSBuild.exe" "cmTC_454a3.vcxproj" "/p:Configuration=Debug" "/p:VisualStudioVersion=15.0"
Microsoft (R) Build Engine version 15.5.180.51428 for .NET Framework
Copyright (C) Microsoft Corporation. All rights reserved.

Build started 12/19/2017 6:47:32 PM.
Project "D:\Workspace\TitanGame\build\CMakeFiles\CMakeTmp\cmTC_454a3.vcxproj" on node 1 (default targets).
PrepareForBuild:
  Creating directory "cmTC_454a3.dir\Debug\".
  Creating directory "D:\Workspace\TitanGame\build\CMakeFiles\CMakeTmp\Debug\".
  Creating directory "cmTC_454a3.dir\Debug\cmTC_454a3.tlog\".
InitializeBuildStatus:
  Creating "cmTC_454a3.dir\Debug\cmTC_454a3.tlog\unsuccessfulbuild" because "AlwaysCreate" was specified.
ClCompile:
  D:\Programs\Visual Studio 2017\VC\Tools\MSVC\14.12.25827\bin\HostX86\x86\CL.exe /c /Zi /W3 /WX- /diagnostics:classic /Od /Ob0 /Oy- /D WIN32 /D _WINDOWS /D CHECK_FUNCTION_EXISTS=pow /D _LARGEFILE_SOURCE /D _LARGE_FILES /D restrict= /D _DEBUG /D "CMAKE_INTDIR=\"Debug\"" /D _MBCS /Gm- /RTC1 /MDd /GS /fp:precise /Zc:wchar_t /Zc:forScope /Zc:inline /Fo"cmTC_454a3.dir\Debug\\" /Fd"cmTC_454a3.dir\Debug\vc141.pdb" /Gd /TC /analyze- /errorReport:queue "D:\Programs\CMake\share\cmake-3.7\Modules\CheckFunctionExists.c"
  Microsoft (R) C/C++ Optimizing Compiler Version 19.12.25831 for x86
  Copyright (C) Microsoft Corporation.  All rights reserved.
  
  cl /c /Zi /W3 /WX- /diagnostics:classic /Od /Ob0 /Oy- /D WIN32 /D _WINDOWS /D CHECK_FUNCTION_EXISTS=pow /D _LARGEFILE_SOURCE /D _LARGE_FILES /D restrict= /D _DEBUG /D "CMAKE_INTDIR=\"Debug\"" /D _MBCS /Gm- /RTC1 /MDd /GS /fp:precise /Zc:wchar_t /Zc:forScope /Zc:inline /Fo"cmTC_454a3.dir\Debug\\" /Fd"cmTC_454a3.dir\Debug\vc141.pdb" /Gd /TC /analyze- /errorReport:queue "D:\Programs\CMake\share\cmake-3.7\Modules\CheckFunctionExists.c"
  CheckFunctionExists.c
  
Link:
  D:\Programs\Visual Studio 2017\VC\Tools\MSVC\14.12.25827\bin\HostX86\x86\link.exe /ERRORREPORT:QUEUE /OUT:"D:\Workspace\TitanGame\build\CMakeFiles\CMakeTmp\Debug\cmTC_454a3.exe" /INCREMENTAL /NOLOGO kernel32.lib user32.lib gdi32.lib winspool.lib shell32.lib ole32.lib oleaut32.lib uuid.lib comdlg32.lib advapi32.lib m.lib /MANIFEST /MANIFESTUAC:"level='asInvoker' uiAccess='false'" /manifest:embed /DEBUG /PDB:"D:/Workspace/TitanGame/build/CMakeFiles/CMakeTmp/Debug/cmTC_454a3.pdb" /SUBSYSTEM:CONSOLE /TLBID:1 /DYNAMICBASE /NXCOMPAT /IMPLIB:"D:/Workspace/TitanGame/build/CMakeFiles/CMakeTmp/Debug/cmTC_454a3.lib" /MACHINE:X86 /SAFESEH  /machine:X86 cmTC_454a3.dir\Debug\CheckFunctionExists.obj
LINK : fatal error LNK1104: cannot open file 'm.lib' [D:\Workspace\TitanGame\build\CMakeFiles\CMakeTmp\cmTC_454a3.vcxproj]
Done Building Project "D:\Workspace\TitanGame\build\CMakeFiles\CMakeTmp\cmTC_454a3.vcxproj" (default targets) -- FAILED.

Build FAILED.

"D:\Workspace\TitanGame\build\CMakeFiles\CMakeTmp\cmTC_454a3.vcxproj" (default target) (1) ->
(Link target) -> 
  LINK : fatal error LNK1104: cannot open file 'm.lib' [D:\Workspace\TitanGame\build\CMakeFiles\CMakeTmp\cmTC_454a3.vcxproj]

    0 Warning(s)
    1 Error(s)

Time Elapsed 00:00:00.84


Determining if the function dlopen exists in the dl failed with the following output:
Change Dir: D:/Workspace/TitanGame/build/CMakeFiles/CMakeTmp

Run Build Command:"D:/Programs/Visual Studio 2017/MSBuild/15.0/Bin/MSBuild.exe" "cmTC_3497d.vcxproj" "/p:Configuration=Debug" "/p:VisualStudioVersion=15.0"
Microsoft (R) Build Engine version 15.5.180.51428 for .NET Framework
Copyright (C) Microsoft Corporation. All rights reserved.

Build started 12/19/2017 6:47:33 PM.
Project "D:\Workspace\TitanGame\build\CMakeFiles\CMakeTmp\cmTC_3497d.vcxproj" on node 1 (default targets).
PrepareForBuild:
  Creating directory "cmTC_3497d.dir\Debug\".
  Creating directory "D:\Workspace\TitanGame\build\CMakeFiles\CMakeTmp\Debug\".
  Creating directory "cmTC_3497d.dir\Debug\cmTC_3497d.tlog\".
InitializeBuildStatus:
  Creating "cmTC_3497d.dir\Debug\cmTC_3497d.tlog\unsuccessfulbuild" because "AlwaysCreate" was specified.
ClCompile:
  D:\Programs\Visual Studio 2017\VC\Tools\MSVC\14.12.25827\bin\HostX86\x86\CL.exe /c /Zi /W3 /WX- /diagnostics:classic /Od /Ob0 /Oy- /D WIN32 /D _WINDOWS /D CHECK_FUNCTION_EXISTS=dlopen /D _LARGEFILE_SOURCE /D _LARGE_FILES /D restrict= /D _DEBUG /D "CMAKE_INTDIR=\"Debug\"" /D _MBCS /Gm- /RTC1 /MDd /GS /fp:precise /Zc:wchar_t /Zc:forScope /Zc:inline /Fo"cmTC_3497d.dir\Debug\\" /Fd"cmTC_3497d.dir\Debug\vc141.pdb" /Gd /TC /analyze- /errorReport:queue "D:\Programs\CMake\share\cmake-3.7\Modules\CheckFunctionExists.c"
  Microsoft (R) C/C++ Optimizing Compiler Version 19.12.25831 for x86
  Copyright (C) Microsoft Corporation.  All rights reserved.
  
  cl /c /Zi /W3 /WX- /diagnostics:classic /Od /Ob0 /Oy- /D WIN32 /D _WINDOWS /D CHECK_FUNCTION_EXISTS=dlopen /D _LARGEFILE_SOURCE /D _LARGE_FILES /D restrict= /D _DEBUG /D "CMAKE_INTDIR=\"Debug\"" /D _MBCS /Gm- /RTC1 /MDd /GS /fp:precise /Zc:wchar_t /Zc:forScope /Zc:inline /Fo"cmTC_3497d.dir\Debug\\" /Fd"cmTC_3497d.dir\Debug\vc141.pdb" /Gd /TC /analyze- /errorReport:queue "D:\Programs\CMake\share\cmake-3.7\Modules\CheckFunctionExists.c"
  CheckFunctionExists.c
  
Link:
  D:\Programs\Visual Studio 2017\VC\Tools\MSVC\14.12.25827\bin\HostX86\x86\link.exe /ERRORREPORT:QUEUE /OUT:"D:\Workspace\TitanGame\build\CMakeFiles\CMakeTmp\Debug\cmTC_3497d.exe" /INCREMENTAL /NOLOGO kernel32.lib user32.lib gdi32.lib winspool.lib shell32.lib ole32.lib oleaut32.lib uuid.lib comdlg32.lib advapi32.lib dl.lib /MANIFEST /MANIFESTUAC:"level='asInvoker' uiAccess='false'" /manifest:embed /DEBUG /PDB:"D:/Workspace/TitanGame/build/CMakeFiles/CMakeTmp/Debug/cmTC_3497d.pdb" /SUBSYSTEM:CONSOLE /TLBID:1 /DYNAMICBASE /NXCOMPAT /IMPLIB:"D:/Workspace/TitanGame/build/CMakeFiles/CMakeTmp/Debug/cmTC_3497d.lib" /MACHINE:X86 /SAFESEH  /machine:X86 cmTC_3497d.dir\Debug\CheckFunctionExists.obj
LINK : fatal error LNK1104: cannot open file 'dl.lib' [D:\Workspace\TitanGame\build\CMakeFiles\CMakeTmp\cmTC_3497d.vcxproj]
Done Building Project "D:\Workspace\TitanGame\build\CMakeFiles\CMakeTmp\cmTC_3497d.vcxproj" (default targets) -- FAILED.

Build FAILED.

"D:\Workspace\TitanGame\build\CMakeFiles\CMakeTmp\cmTC_3497d.vcxproj" (default target) (1) ->
(Link target) -> 
  LINK : fatal error LNK1104: cannot open file 'dl.lib' [D:\Workspace\TitanGame\build\CMakeFiles\CMakeTmp\cmTC_3497d.vcxproj]

    0 Warning(s)
    1 Error(s)

Time Elapsed 00:00:00.84


Determining if the include file dlfcn.h exists failed with the following output:
Change Dir: D:/Workspace/TitanGame/build/CMakeFiles/CMakeTmp

Run Build Command:"D:/Programs/Visual Studio 2017/MSBuild/15.0/Bin/MSBuild.exe" "cmTC_9a387.vcxproj" "/p:Configuration=Debug" "/p:VisualStudioVersion=15.0"
Microsoft (R) Build Engine version 15.5.180.51428 for .NET Framework
Copyright (C) Microsoft Corporation. All rights reserved.

Build started 12/19/2017 6:47:34 PM.
Project "D:\Workspace\TitanGame\build\CMakeFiles\CMakeTmp\cmTC_9a387.vcxproj" on node 1 (default targets).
PrepareForBuild:
  Creating directory "cmTC_9a387.dir\Debug\".
  Creating directory "D:\Workspace\TitanGame\build\CMakeFiles\CMakeTmp\Debug\".
  Creating directory "cmTC_9a387.dir\Debug\cmTC_9a387.tlog\".
InitializeBuildStatus:
  Creating "cmTC_9a387.dir\Debug\cmTC_9a387.tlog\unsuccessfulbuild" because "AlwaysCreate" was specified.
ClCompile:
  D:\Programs\Visual Studio 2017\VC\Tools\MSVC\14.12.25827\bin\HostX86\x86\CL.exe /c /Zi /W3 /WX- /diagnostics:classic /Od /Ob0 /Oy- /D WIN32 /D _WINDOWS /D _LARGEFILE_SOURCE /D _LARGE_FILES /D restrict= /D _DEBUG /D "CMAKE_INTDIR=\"Debug\"" /D _MBCS /Gm- /RTC1 /MDd /GS /fp:precise /Zc:wchar_t /Zc:forScope /Zc:inline /Fo"cmTC_9a387.dir\Debug\\" /Fd"cmTC_9a387.dir\Debug\vc141.pdb" /Gd /TC /analyze- /errorReport:queue D:\Workspace\TitanGame\build\CMakeFiles\CMakeTmp\CheckIncludeFile.c
  Microsoft (R) C/C++ Optimizing Compiler Version 19.12.25831 for x86
  Copyright (C) Microsoft Corporation.  All rights reserved.
  
  cl /c /Zi /W3 /WX- /diagnostics:classic /Od /Ob0 /Oy- /D WIN32 /D _WINDOWS /D _LARGEFILE_SOURCE /D _LARGE_FILES /D restrict= /D _DEBUG /D "CMAKE_INTDIR=\"Debug\"" /D _MBCS /Gm- /RTC1 /MDd /GS /fp:precise /Zc:wchar_t /Zc:forScope /Zc:inline /Fo"cmTC_9a387.dir\Debug\\" /Fd"cmTC_9a387.dir\Debug\vc141.pdb" /Gd /TC /analyze- /errorReport:queue D:\Workspace\TitanGame\build\CMakeFiles\CMakeTmp\CheckIncludeFile.c
  CheckIncludeFile.c
  
D:\Workspace\TitanGame\build\CMakeFiles\CMakeTmp\CheckIncludeFile.c(1): fatal error C1083: Cannot open include file: 'dlfcn.h': No such file or directory [D:\Workspace\TitanGame\build\CMakeFiles\CMakeTmp\cmTC_9a387.vcxproj]
Done Building Project "D:\Workspace\TitanGame\build\CMakeFiles\CMakeTmp\cmTC_9a387.vcxproj" (default targets) -- FAILED.

Build FAILED.

"D:\Workspace\TitanGame\build\CMakeFiles\CMakeTmp\cmTC_9a387.vcxproj" (default target) (1) ->
(ClCompile target) -> 
  D:\Workspace\TitanGame\build\CMakeFiles\CMakeTmp\CheckIncludeFile.c(1): fatal error C1083: Cannot open include file: 'dlfcn.h': No such file or directory [D:\Workspace\TitanGame\build\CMakeFiles\CMakeTmp\cmTC_9a387.vcxproj]

    0 Warning(s)
    1 Error(s)

Time Elapsed 00:00:00.67


Determining if the aligned_alloc exist failed with the following output:
Change Dir: D:/Workspace/TitanGame/build/CMakeFiles/CMakeTmp

Run Build Command:"D:/Programs/Visual Studio 2017/MSBuild/15.0/Bin/MSBuild.exe" "cmTC_76baf.vcxproj" "/p:Configuration=Debug" "/p:VisualStudioVersion=15.0"
Microsoft (R) Build Engine version 15.5.180.51428 for .NET Framework
Copyright (C) Microsoft Corporation. All rights reserved.

Build started 12/19/2017 6:47:36 PM.
Project "D:\Workspace\TitanGame\build\CMakeFiles\CMakeTmp\cmTC_76baf.vcxproj" on node 1 (default targets).
PrepareForBuild:
  Creating directory "cmTC_76baf.dir\Debug\".
  Creating directory "D:\Workspace\TitanGame\build\CMakeFiles\CMakeTmp\Debug\".
  Creating directory "cmTC_76baf.dir\Debug\cmTC_76baf.tlog\".
InitializeBuildStatus:
  Creating "cmTC_76baf.dir\Debug\cmTC_76baf.tlog\unsuccessfulbuild" because "AlwaysCreate" was specified.
ClCompile:
  D:\Programs\Visual Studio 2017\VC\Tools\MSVC\14.12.25827\bin\HostX86\x86\CL.exe /c /Zi /W3 /WX- /diagnostics:classic /Od /Ob0 /Oy- /D WIN32 /D _WINDOWS /D _LARGEFILE_SOURCE /D _LARGE_FILES /D restrict= /D _DEBUG /D "CMAKE_INTDIR=\"Debug\"" /D _MBCS /Gm- /RTC1 /MDd /GS /fp:precise /Zc:wchar_t /Zc:forScope /Zc:inline /Fo"cmTC_76baf.dir\Debug\\" /Fd"cmTC_76baf.dir\Debug\vc141.pdb" /Gd /TC /analyze- /errorReport:queue D:\Workspace\TitanGame\build\CMakeFiles\CMakeTmp\CheckSymbolExists.c
  Microsoft (R) C/C++ Optimizing Compiler Version 19.12.25831 for x86
  Copyright (C) Microsoft Corporation.  All rights reserved.
  
  cl /c /Zi /W3 /WX- /diagnostics:classic /Od /Ob0 /Oy- /D WIN32 /D _WINDOWS /D _LARGEFILE_SOURCE /D _LARGE_FILES /D restrict= /D _DEBUG /D "CMAKE_INTDIR=\"Debug\"" /D _MBCS /Gm- /RTC1 /MDd /GS /fp:precise /Zc:wchar_t /Zc:forScope /Zc:inline /Fo"cmTC_76baf.dir\Debug\\" /Fd"cmTC_76baf.dir\Debug\vc141.pdb" /Gd /TC /analyze- /errorReport:queue D:\Workspace\TitanGame\build\CMakeFiles\CMakeTmp\CheckSymbolExists.c
  CheckSymbolExists.c
  
D:\Workspace\TitanGame\build\CMakeFiles\CMakeTmp\CheckSymbolExists.c(8): error C2065: 'aligned_alloc': undeclared identifier [D:\Workspace\TitanGame\build\CMakeFiles\CMakeTmp\cmTC_76baf.vcxproj]
Done Building Project "D:\Workspace\TitanGame\build\CMakeFiles\CMakeTmp\cmTC_76baf.vcxproj" (default targets) -- FAILED.

Build FAILED.

"D:\Workspace\TitanGame\build\CMakeFiles\CMakeTmp\cmTC_76baf.vcxproj" (default target) (1) ->
(ClCompile target) -> 
  D:\Workspace\TitanGame\build\CMakeFiles\CMakeTmp\CheckSymbolExists.c(8): error C2065: 'aligned_alloc': undeclared identifier [D:\Workspace\TitanGame\build\CMakeFiles\CMakeTmp\cmTC_76baf.vcxproj]

    0 Warning(s)
    1 Error(s)

Time Elapsed 00:00:00.69

File D:/Workspace/TitanGame/build/CMakeFiles/CMakeTmp/CheckSymbolExists.c:
/* */
#include <stdlib.h>

int main(int argc, char** argv)
{
  (void)argv;
#ifndef aligned_alloc
  return ((int*)(&aligned_alloc))[argc];
#else
  (void)argc;
  return 0;
#endif
}

Determining if the posix_memalign exist failed with the following output:
Change Dir: D:/Workspace/TitanGame/build/CMakeFiles/CMakeTmp

Run Build Command:"D:/Programs/Visual Studio 2017/MSBuild/15.0/Bin/MSBuild.exe" "cmTC_e6c27.vcxproj" "/p:Configuration=Debug" "/p:VisualStudioVersion=15.0"
Microsoft (R) Build Engine version 15.5.180.51428 for .NET Framework
Copyright (C) Microsoft Corporation. All rights reserved.

Build started 12/19/2017 6:47:37 PM.
Project "D:\Workspace\TitanGame\build\CMakeFiles\CMakeTmp\cmTC_e6c27.vcxproj" on node 1 (default targets).
PrepareForBuild:
  Creating directory "cmTC_e6c27.dir\Debug\".
  Creating directory "D:\Workspace\TitanGame\build\CMakeFiles\CMakeTmp\Debug\".
  Creating directory "cmTC_e6c27.dir\Debug\cmTC_e6c27.tlog\".
InitializeBuildStatus:
  Creating "cmTC_e6c27.dir\Debug\cmTC_e6c27.tlog\unsuccessfulbuild" because "AlwaysCreate" was specified.
ClCompile:
  D:\Programs\Visual Studio 2017\VC\Tools\MSVC\14.12.25827\bin\HostX86\x86\CL.exe /c /Zi /W3 /WX- /diagnostics:classic /Od /Ob0 /Oy- /D WIN32 /D _WINDOWS /D _LARGEFILE_SOURCE /D _LARGE_FILES /D restrict= /D _DEBUG /D "CMAKE_INTDIR=\"Debug\"" /D _MBCS /Gm- /RTC1 /MDd /GS /fp:precise /Zc:wchar_t /Zc:forScope /Zc:inline /Fo"cmTC_e6c27.dir\Debug\\" /Fd"cmTC_e6c27.dir\Debug\vc141.pdb" /Gd /TC /analyze- /errorReport:queue D:\Workspace\TitanGame\build\CMakeFiles\CMakeTmp\CheckSymbolExists.c
  Microsoft (R) C/C++ Optimizing Compiler Version 19.12.25831 for x86
  Copyright (C) Microsoft Corporation.  All rights reserved.
  
  cl /c /Zi /W3 /WX- /diagnostics:classic /Od /Ob0 /Oy- /D WIN32 /D _WINDOWS /D _LARGEFILE_SOURCE /D _LARGE_FILES /D restrict= /D _DEBUG /D "CMAKE_INTDIR=\"Debug\"" /D _MBCS /Gm- /RTC1 /MDd /GS /fp:precise /Zc:wchar_t /Zc:forScope /Zc:inline /Fo"cmTC_e6c27.dir\Debug\\" /Fd"cmTC_e6c27.dir\Debug\vc141.pdb" /Gd /TC /analyze- /errorReport:queue D:\Workspace\TitanGame\build\CMakeFiles\CMakeTmp\CheckSymbolExists.c
  CheckSymbolExists.c
  
D:\Workspace\TitanGame\build\CMakeFiles\CMakeTmp\CheckSymbolExists.c(8): error C2065: 'posix_memalign': undeclared identifier [D:\Workspace\TitanGame\build\CMakeFiles\CMakeTmp\cmTC_e6c27.vcxproj]
Done Building Project "D:\Workspace\TitanGame\build\CMakeFiles\CMakeTmp\cmTC_e6c27.vcxproj" (default targets) -- FAILED.

Build FAILED.

"D:\Workspace\TitanGame\build\CMakeFiles\CMakeTmp\cmTC_e6c27.vcxproj" (default target) (1) ->
(ClCompile target) -> 
  D:\Workspace\TitanGame\build\CMakeFiles\CMakeTmp\CheckSymbolExists.c(8): error C2065: 'posix_memalign': undeclared identifier [D:\Workspace\TitanGame\build\CMakeFiles\CMakeTmp\cmTC_e6c27.vcxproj]

    0 Warning(s)
    1 Error(s)

Time Elapsed 00:00:00.68

File D:/Workspace/TitanGame/build/CMakeFiles/CMakeTmp/CheckSymbolExists.c:
/* */
#include <stdlib.h>

int main(int argc, char** argv)
{
  (void)argv;
#ifndef posix_memalign
  return ((int*)(&posix_memalign))[argc];
#else
  (void)argc;
  return 0;
#endif
}

Determining if the function strcasecmp exists failed with the following output:
Change Dir: D:/Workspace/TitanGame/build/CMakeFiles/CMakeTmp

Run Build Command:"D:/Programs/Visual Studio 2017/MSBuild/15.0/Bin/MSBuild.exe" "cmTC_7cf8f.vcxproj" "/p:Configuration=Debug" "/p:VisualStudioVersion=15.0"
Microsoft (R) Build Engine version 15.5.180.51428 for .NET Framework
Copyright (C) Microsoft Corporation. All rights reserved.

Build started 12/19/2017 6:47:50 PM.
Project "D:\Workspace\TitanGame\build\CMakeFiles\CMakeTmp\cmTC_7cf8f.vcxproj" on node 1 (default targets).
PrepareForBuild:
  Creating directory "cmTC_7cf8f.dir\Debug\".
  Creating directory "D:\Workspace\TitanGame\build\CMakeFiles\CMakeTmp\Debug\".
  Creating directory "cmTC_7cf8f.dir\Debug\cmTC_7cf8f.tlog\".
InitializeBuildStatus:
  Creating "cmTC_7cf8f.dir\Debug\cmTC_7cf8f.tlog\unsuccessfulbuild" because "AlwaysCreate" was specified.
ClCompile:
  D:\Programs\Visual Studio 2017\VC\Tools\MSVC\14.12.25827\bin\HostX86\x86\CL.exe /c /Zi /W3 /WX- /diagnostics:classic /Od /Ob0 /Oy- /D WIN32 /D _WINDOWS /D CHECK_FUNCTION_EXISTS=strcasecmp /D _LARGEFILE_SOURCE /D _LARGE_FILES /D restrict= /D _DEBUG /D "CMAKE_INTDIR=\"Debug\"" /D _MBCS /Gm- /RTC1 /MDd /GS /fp:precise /Zc:wchar_t /Zc:forScope /Zc:inline /Fo"cmTC_7cf8f.dir\Debug\\" /Fd"cmTC_7cf8f.dir\Debug\vc141.pdb" /Gd /TC /analyze- /errorReport:queue "D:\Programs\CMake\share\cmake-3.7\Modules\CheckFunctionExists.c"
  Microsoft (R) C/C++ Optimizing Compiler Version 19.12.25831 for x86
  Copyright (C) Microsoft Corporation.  All rights reserved.
  
  cl /c /Zi /W3 /WX- /diagnostics:classic /Od /Ob0 /Oy- /D WIN32 /D _WINDOWS /D CHECK_FUNCTION_EXISTS=strcasecmp /D _LARGEFILE_SOURCE /D _LARGE_FILES /D restrict= /D _DEBUG /D "CMAKE_INTDIR=\"Debug\"" /D _MBCS /Gm- /RTC1 /MDd /GS /fp:precise /Zc:wchar_t /Zc:forScope /Zc:inline /Fo"cmTC_7cf8f.dir\Debug\\" /Fd"cmTC_7cf8f.dir\Debug\vc141.pdb" /Gd /TC /analyze- /errorReport:queue "D:\Programs\CMake\share\cmake-3.7\Modules\CheckFunctionExists.c"
  CheckFunctionExists.c
  
Link:
  D:\Programs\Visual Studio 2017\VC\Tools\MSVC\14.12.25827\bin\HostX86\x86\link.exe /ERRORREPORT:QUEUE /OUT:"D:\Workspace\TitanGame\build\CMakeFiles\CMakeTmp\Debug\cmTC_7cf8f.exe" /INCREMENTAL /NOLOGO kernel32.lib user32.lib gdi32.lib winspool.lib shell32.lib ole32.lib oleaut32.lib uuid.lib comdlg32.lib advapi32.lib /MANIFEST /MANIFESTUAC:"level='asInvoker' uiAccess='false'" /manifest:embed /DEBUG /PDB:"D:/Workspace/TitanGame/build/CMakeFiles/CMakeTmp/Debug/cmTC_7cf8f.pdb" /SUBSYSTEM:CONSOLE /TLBID:1 /DYNAMICBASE /NXCOMPAT /IMPLIB:"D:/Workspace/TitanGame/build/CMakeFiles/CMakeTmp/Debug/cmTC_7cf8f.lib" /MACHINE:X86 /SAFESEH  /machine:X86 cmTC_7cf8f.dir\Debug\CheckFunctionExists.obj
CheckFunctionExists.obj : error LNK2019: unresolved external symbol _strcasecmp referenced in function _main [D:\Workspace\TitanGame\build\CMakeFiles\CMakeTmp\cmTC_7cf8f.vcxproj]
D:\Workspace\TitanGame\build\CMakeFiles\CMakeTmp\Debug\cmTC_7cf8f.exe : fatal error LNK1120: 1 unresolved externals [D:\Workspace\TitanGame\build\CMakeFiles\CMakeTmp\cmTC_7cf8f.vcxproj]
Done Building Project "D:\Workspace\TitanGame\build\CMakeFiles\CMakeTmp\cmTC_7cf8f.vcxproj" (default targets) -- FAILED.

Build FAILED.

"D:\Workspace\TitanGame\build\CMakeFiles\CMakeTmp\cmTC_7cf8f.vcxproj" (default target) (1) ->
(Link target) -> 
  CheckFunctionExists.obj : error LNK2019: unresolved external symbol _strcasecmp referenced in function _main [D:\Workspace\TitanGame\build\CMakeFiles\CMakeTmp\cmTC_7cf8f.vcxproj]
  D:\Workspace\TitanGame\build\CMakeFiles\CMakeTmp\Debug\cmTC_7cf8f.exe : fatal error LNK1120: 1 unresolved externals [D:\Workspace\TitanGame\build\CMakeFiles\CMakeTmp\cmTC_7cf8f.vcxproj]

    0 Warning(s)
    2 Error(s)

Time Elapsed 00:00:00.98


Determining if the function strncasecmp exists failed with the following output:
Change Dir: D:/Workspace/TitanGame/build/CMakeFiles/CMakeTmp

Run Build Command:"D:/Programs/Visual Studio 2017/MSBuild/15.0/Bin/MSBuild.exe" "cmTC_3a198.vcxproj" "/p:Configuration=Debug" "/p:VisualStudioVersion=15.0"
Microsoft (R) Build Engine version 15.5.180.51428 for .NET Framework
Copyright (C) Microsoft Corporation. All rights reserved.

Build started 12/19/2017 6:47:53 PM.
Project "D:\Workspace\TitanGame\build\CMakeFiles\CMakeTmp\cmTC_3a198.vcxproj" on node 1 (default targets).
PrepareForBuild:
  Creating directory "cmTC_3a198.dir\Debug\".
  Creating directory "D:\Workspace\TitanGame\build\CMakeFiles\CMakeTmp\Debug\".
  Creating directory "cmTC_3a198.dir\Debug\cmTC_3a198.tlog\".
InitializeBuildStatus:
  Creating "cmTC_3a198.dir\Debug\cmTC_3a198.tlog\unsuccessfulbuild" because "AlwaysCreate" was specified.
ClCompile:
  D:\Programs\Visual Studio 2017\VC\Tools\MSVC\14.12.25827\bin\HostX86\x86\CL.exe /c /Zi /W3 /WX- /diagnostics:classic /Od /Ob0 /Oy- /D WIN32 /D _WINDOWS /D CHECK_FUNCTION_EXISTS=strncasecmp /D _LARGEFILE_SOURCE /D _LARGE_FILES /D restrict= /D _DEBUG /D "CMAKE_INTDIR=\"Debug\"" /D _MBCS /Gm- /RTC1 /MDd /GS /fp:precise /Zc:wchar_t /Zc:forScope /Zc:inline /Fo"cmTC_3a198.dir\Debug\\" /Fd"cmTC_3a198.dir\Debug\vc141.pdb" /Gd /TC /analyze- /errorReport:queue "D:\Programs\CMake\share\cmake-3.7\Modules\CheckFunctionExists.c"
  Microsoft (R) C/C++ Optimizing Compiler Version 19.12.25831 for x86
  Copyright (C) Microsoft Corporation.  All rights reserved.
  
  cl /c /Zi /W3 /WX- /diagnostics:classic /Od /Ob0 /Oy- /D WIN32 /D _WINDOWS /D CHECK_FUNCTION_EXISTS=strncasecmp /D _LARGEFILE_SOURCE /D _LARGE_FILES /D restrict= /D _DEBUG /D "CMAKE_INTDIR=\"Debug\"" /D _MBCS /Gm- /RTC1 /MDd /GS /fp:precise /Zc:wchar_t /Zc:forScope /Zc:inline /Fo"cmTC_3a198.dir\Debug\\" /Fd"cmTC_3a198.dir\Debug\vc141.pdb" /Gd /TC /analyze- /errorReport:queue "D:\Programs\CMake\share\cmake-3.7\Modules\CheckFunctionExists.c"
  CheckFunctionExists.c
  
Link:
  D:\Programs\Visual Studio 2017\VC\Tools\MSVC\14.12.25827\bin\HostX86\x86\link.exe /ERRORREPORT:QUEUE /OUT:"D:\Workspace\TitanGame\build\CMakeFiles\CMakeTmp\Debug\cmTC_3a198.exe" /INCREMENTAL /NOLOGO kernel32.lib user32.lib gdi32.lib winspool.lib shell32.lib ole32.lib oleaut32.lib uuid.lib comdlg32.lib advapi32.lib /MANIFEST /MANIFESTUAC:"level='asInvoker' uiAccess='false'" /manifest:embed /DEBUG /PDB:"D:/Workspace/TitanGame/build/CMakeFiles/CMakeTmp/Debug/cmTC_3a198.pdb" /SUBSYSTEM:CONSOLE /TLBID:1 /DYNAMICBASE /NXCOMPAT /IMPLIB:"D:/Workspace/TitanGame/build/CMakeFiles/CMakeTmp/Debug/cmTC_3a198.lib" /MACHINE:X86 /SAFESEH  /machine:X86 cmTC_3a198.dir\Debug\CheckFunctionExists.obj
CheckFunctionExists.obj : error LNK2019: unresolved external symbol _strncasecmp referenced in function _main [D:\Workspace\TitanGame\build\CMakeFiles\CMakeTmp\cmTC_3a198.vcxproj]
D:\Workspace\TitanGame\build\CMakeFiles\CMakeTmp\Debug\cmTC_3a198.exe : fatal error LNK1120: 1 unresolved externals [D:\Workspace\TitanGame\build\CMakeFiles\CMakeTmp\cmTC_3a198.vcxproj]
Done Building Project "D:\Workspace\TitanGame\build\CMakeFiles\CMakeTmp\cmTC_3a198.vcxproj" (default targets) -- FAILED.

Build FAILED.

"D:\Workspace\TitanGame\build\CMakeFiles\CMakeTmp\cmTC_3a198.vcxproj" (default target) (1) ->
(Link target) -> 
  CheckFunctionExists.obj : error LNK2019: unresolved external symbol _strncasecmp referenced in function _main [D:\Workspace\TitanGame\build\CMakeFiles\CMakeTmp\cmTC_3a198.vcxproj]
  D:\Workspace\TitanGame\build\CMakeFiles\CMakeTmp\Debug\cmTC_3a198.exe : fatal error LNK1120: 1 unresolved externals [D:\Workspace\TitanGame\build\CMakeFiles\CMakeTmp\cmTC_3a198.vcxproj]

    0 Warning(s)
    2 Error(s)

Time Elapsed 00:00:01.02


Determining if the include file arm_neon.h exists failed with the following output:
Change Dir: D:/Workspace/TitanGame/build/CMakeFiles/CMakeTmp

Run Build Command:"D:/Programs/Visual Studio 2017/MSBuild/15.0/Bin/MSBuild.exe" "cmTC_7b54c.vcxproj" "/p:Configuration=Debug" "/p:VisualStudioVersion=15.0"
Microsoft (R) Build Engine version 15.5.180.51428 for .NET Framework
Copyright (C) Microsoft Corporation. All rights reserved.

Build started 12/19/2017 6:48:10 PM.
Project "D:\Workspace\TitanGame\build\CMakeFiles\CMakeTmp\cmTC_7b54c.vcxproj" on node 1 (default targets).
PrepareForBuild:
  Creating directory "cmTC_7b54c.dir\Debug\".
  Creating directory "D:\Workspace\TitanGame\build\CMakeFiles\CMakeTmp\Debug\".
  Creating directory "cmTC_7b54c.dir\Debug\cmTC_7b54c.tlog\".
InitializeBuildStatus:
  Creating "cmTC_7b54c.dir\Debug\cmTC_7b54c.tlog\unsuccessfulbuild" because "AlwaysCreate" was specified.
ClCompile:
  D:\Programs\Visual Studio 2017\VC\Tools\MSVC\14.12.25827\bin\HostX86\x86\CL.exe /c /Zi /W3 /WX- /diagnostics:classic /Od /Ob0 /Oy- /D WIN32 /D _WINDOWS /D _LARGEFILE_SOURCE /D _LARGE_FILES /D restrict= /D _DEBUG /D "CMAKE_INTDIR=\"Debug\"" /D _MBCS /Gm- /RTC1 /MDd /GS /fp:precise /Zc:wchar_t /Zc:forScope /Zc:inline /Fo"cmTC_7b54c.dir\Debug\\" /Fd"cmTC_7b54c.dir\Debug\vc141.pdb" /Gd /TC /analyze- /errorReport:queue D:\Workspace\TitanGame\build\CMakeFiles\CMakeTmp\CheckIncludeFile.c
  Microsoft (R) C/C++ Optimizing Compiler Version 19.12.25831 for x86
  Copyright (C) Microsoft Corporation.  All rights reserved.
  
  cl /c /Zi /W3 /WX- /diagnostics:classic /Od /Ob0 /Oy- /D WIN32 /D _WINDOWS /D _LARGEFILE_SOURCE /D _LARGE_FILES /D restrict= /D _DEBUG /D "CMAKE_INTDIR=\"Debug\"" /D _MBCS /Gm- /RTC1 /MDd /GS /fp:precise /Zc:wchar_t /Zc:forScope /Zc:inline /Fo"cmTC_7b54c.dir\Debug\\" /Fd"cmTC_7b54c.dir\Debug\vc141.pdb" /Gd /TC /analyze- /errorReport:queue D:\Workspace\TitanGame\build\CMakeFiles\CMakeTmp\CheckIncludeFile.c
  CheckIncludeFile.c
  
D:\Programs\Visual Studio 2017\VC\Tools\MSVC\14.12.25827\include\arm_neon.h(17): fatal error C1189: #error:  This header is specific to ARM targets [D:\Workspace\TitanGame\build\CMakeFiles\CMakeTmp\cmTC_7b54c.vcxproj]
Done Building Project "D:\Workspace\TitanGame\build\CMakeFiles\CMakeTmp\cmTC_7b54c.vcxproj" (default targets) -- FAILED.

Build FAILED.

"D:\Workspace\TitanGame\build\CMakeFiles\CMakeTmp\cmTC_7b54c.vcxproj" (default target) (1) ->
(ClCompile target) -> 
  D:\Programs\Visual Studio 2017\VC\Tools\MSVC\14.12.25827\include\arm_neon.h(17): fatal error C1189: #error:  This header is specific to ARM targets [D:\Workspace\TitanGame\build\CMakeFiles\CMakeTmp\cmTC_7b54c.vcxproj]

    0 Warning(s)
    1 Error(s)

Time Elapsed 00:00:00.64


Determining if files SLES/OpenSLES.h;SLES/OpenSLES_Android.h exist failed with the following output:
Change Dir: D:/Workspace/TitanGame/build/CMakeFiles/CMakeTmp

Run Build Command:"D:/Programs/Visual Studio 2017/MSBuild/15.0/Bin/MSBuild.exe" "cmTC_d3e12.vcxproj" "/p:Configuration=Debug" "/p:VisualStudioVersion=15.0"
Microsoft (R) Build Engine version 15.5.180.51428 for .NET Framework
Copyright (C) Microsoft Corporation. All rights reserved.

Build started 12/19/2017 6:48:16 PM.
Project "D:\Workspace\TitanGame\build\CMakeFiles\CMakeTmp\cmTC_d3e12.vcxproj" on node 1 (default targets).
PrepareForBuild:
  Creating directory "cmTC_d3e12.dir\Debug\".
  Creating directory "D:\Workspace\TitanGame\build\CMakeFiles\CMakeTmp\Debug\".
  Creating directory "cmTC_d3e12.dir\Debug\cmTC_d3e12.tlog\".
InitializeBuildStatus:
  Creating "cmTC_d3e12.dir\Debug\cmTC_d3e12.tlog\unsuccessfulbuild" because "AlwaysCreate" was specified.
ClCompile:
  D:\Programs\Visual Studio 2017\VC\Tools\MSVC\14.12.25827\bin\HostX86\x86\CL.exe /c /Zi /W3 /WX- /diagnostics:classic /Od /Ob0 /Oy- /D WIN32 /D _WINDOWS /D _LARGEFILE_SOURCE /D _LARGE_FILES /D restrict= /D _DEBUG /D "CMAKE_INTDIR=\"Debug\"" /D _MBCS /Gm- /RTC1 /MDd /GS /fp:precise /Zc:wchar_t /Zc:forScope /Zc:inline /Fo"cmTC_d3e12.dir\Debug\\" /Fd"cmTC_d3e12.dir\Debug\vc141.pdb" /Gd /TC /analyze- /errorReport:queue D:\Workspace\TitanGame\build\CMakeFiles\CMakeTmp\CheckIncludeFiles.c
  Microsoft (R) C/C++ Optimizing Compiler Version 19.12.25831 for x86
  Copyright (C) Microsoft Corporation.  All rights reserved.
  
  cl /c /Zi /W3 /WX- /diagnostics:classic /Od /Ob0 /Oy- /D WIN32 /D _WINDOWS /D _LARGEFILE_SOURCE /D _LARGE_FILES /D restrict= /D _DEBUG /D "CMAKE_INTDIR=\"Debug\"" /D _MBCS /Gm- /RTC1 /MDd /GS /fp:precise /Zc:wchar_t /Zc:forScope /Zc:inline /Fo"cmTC_d3e12.dir\Debug\\" /Fd"cmTC_d3e12.dir\Debug\vc141.pdb" /Gd /TC /analyze- /errorReport:queue D:\Workspace\TitanGame\build\CMakeFiles\CMakeTmp\CheckIncludeFiles.c
  CheckIncludeFiles.c
  
D:\Workspace\TitanGame\build\CMakeFiles\CMakeTmp\CheckIncludeFiles.c(2): fatal error C1083: Cannot open include file: 'SLES/OpenSLES.h': No such file or directory [D:\Workspace\TitanGame\build\CMakeFiles\CMakeTmp\cmTC_d3e12.vcxproj]
Done Building Project "D:\Workspace\TitanGame\build\CMakeFiles\CMakeTmp\cmTC_d3e12.vcxproj" (default targets) -- FAILED.

Build FAILED.

"D:\Workspace\TitanGame\build\CMakeFiles\CMakeTmp\cmTC_d3e12.vcxproj" (default target) (1) ->
(ClCompile target) -> 
  D:\Workspace\TitanGame\build\CMakeFiles\CMakeTmp\CheckIncludeFiles.c(2): fatal error C1083: Cannot open include file: 'SLES/OpenSLES.h': No such file or directory [D:\Workspace\TitanGame\build\CMakeFiles\CMakeTmp\cmTC_d3e12.vcxproj]

    0 Warning(s)
    1 Error(s)

Time Elapsed 00:00:00.65

Source:
/* */
#include <SLES/OpenSLES.h>
#include <SLES/OpenSLES_Android.h>


int main(void){return 0;}

Determining if files unistd.h exist failed with the following output:
Change Dir: D:/Workspace/TitanGame/build/CMakeFiles/CMakeTmp

Run Build Command:"D:/Programs/Visual Studio 2017/MSBuild/15.0/Bin/MSBuild.exe" "cmTC_e5fa2.vcxproj" "/p:Configuration=Debug" "/p:VisualStudioVersion=15.0"
Microsoft (R) Build Engine version 15.5.180.51428 for .NET Framework
Copyright (C) Microsoft Corporation. All rights reserved.

Build started 12/19/2017 6:48:18 PM.
Project "D:\Workspace\TitanGame\build\CMakeFiles\CMakeTmp\cmTC_e5fa2.vcxproj" on node 1 (default targets).
PrepareForBuild:
  Creating directory "cmTC_e5fa2.dir\Debug\".
  Creating directory "D:\Workspace\TitanGame\build\CMakeFiles\CMakeTmp\Debug\".
  Creating directory "cmTC_e5fa2.dir\Debug\cmTC_e5fa2.tlog\".
InitializeBuildStatus:
  Creating "cmTC_e5fa2.dir\Debug\cmTC_e5fa2.tlog\unsuccessfulbuild" because "AlwaysCreate" was specified.
ClCompile:
  D:\Programs\Visual Studio 2017\VC\Tools\MSVC\14.12.25827\bin\HostX86\x86\CL.exe /c /Zi /W3 /WX- /diagnostics:classic /Od /Ob0 /Oy- /D WIN32 /D _WINDOWS /D _DEBUG /D "CMAKE_INTDIR=\"Debug\"" /D _MBCS /Gm- /RTC1 /MDd /GS /fp:precise /Zc:wchar_t /Zc:forScope /Zc:inline /Fo"cmTC_e5fa2.dir\Debug\\" /Fd"cmTC_e5fa2.dir\Debug\vc141.pdb" /Gd /TC /analyze- /errorReport:queue D:\Workspace\TitanGame\build\CMakeFiles\CMakeTmp\CheckIncludeFiles.c
  Microsoft (R) C/C++ Optimizing Compiler Version 19.12.25831 for x86
  Copyright (C) Microsoft Corporation.  All rights reserved.
  
  cl /c /Zi /W3 /WX- /diagnostics:classic /Od /Ob0 /Oy- /D WIN32 /D _WINDOWS /D _DEBUG /D "CMAKE_INTDIR=\"Debug\"" /D _MBCS /Gm- /RTC1 /MDd /GS /fp:precise /Zc:wchar_t /Zc:forScope /Zc:inline /Fo"cmTC_e5fa2.dir\Debug\\" /Fd"cmTC_e5fa2.dir\Debug\vc141.pdb" /Gd /TC /analyze- /errorReport:queue D:\Workspace\TitanGame\build\CMakeFiles\CMakeTmp\CheckIncludeFiles.c
  CheckIncludeFiles.c
  
D:\Workspace\TitanGame\build\CMakeFiles\CMakeTmp\CheckIncludeFiles.c(2): fatal error C1083: Cannot open include file: 'unistd.h': No such file or directory [D:\Workspace\TitanGame\build\CMakeFiles\CMakeTmp\cmTC_e5fa2.vcxproj]
Done Building Project "D:\Workspace\TitanGame\build\CMakeFiles\CMakeTmp\cmTC_e5fa2.vcxproj" (default targets) -- FAILED.

Build FAILED.

"D:\Workspace\TitanGame\build\CMakeFiles\CMakeTmp\cmTC_e5fa2.vcxproj" (default target) (1) ->
(ClCompile target) -> 
  D:\Workspace\TitanGame\build\CMakeFiles\CMakeTmp\CheckIncludeFiles.c(2): fatal error C1083: Cannot open include file: 'unistd.h': No such file or directory [D:\Workspace\TitanGame\build\CMakeFiles\CMakeTmp\cmTC_e5fa2.vcxproj]

    0 Warning(s)
    1 Error(s)

Time Elapsed 00:00:00.65

Source:
/* */
#include <unistd.h>


int main(void){return 0;}

